<?xml version="1.0" encoding="UTF-8"?>
<coverage generated="1764768050468" clover="3.2.0">
  <project timestamp="1764768050468" name="All files">
    <metrics statements="872" coveredstatements="477" conditionals="120" coveredconditionals="95" methods="57" coveredmethods="30" elements="1049" coveredelements="602" complexity="0" loc="872" ncloc="872" packages="1" files="3" classes="3"/>
    <file name="riskManager.ts" path="V:\development\robo_cripto\backend\api\services\riskManager.ts">
      <metrics statements="245" coveredstatements="89" conditionals="21" coveredconditionals="13" methods="19" coveredmethods="7"/>
      <line num="3" count="1" type="stmt"/>
      <line num="5" count="1" type="stmt"/>
      <line num="6" count="1" type="stmt"/>
      <line num="7" count="1" type="stmt"/>
      <line num="8" count="1" type="stmt"/>
      <line num="9" count="1" type="stmt"/>
      <line num="11" count="1" type="cond" truecount="1" falsecount="0"/>
      <line num="12" count="5" type="stmt"/>
      <line num="13" count="5" type="stmt"/>
      <line num="14" count="5" type="stmt"/>
      <line num="15" count="5" type="stmt"/>
      <line num="20" count="1" type="cond" truecount="1" falsecount="0"/>
      <line num="21" count="2" type="stmt"/>
      <line num="22" count="2" type="stmt"/>
      <line num="23" count="2" type="stmt"/>
      <line num="24" count="2" type="stmt"/>
      <line num="25" count="2" type="stmt"/>
      <line num="26" count="2" type="cond" truecount="0" falsecount="1"/>
      <line num="27" count="0" type="stmt"/>
      <line num="28" count="0" type="stmt"/>
      <line num="31" count="2" type="cond" truecount="1" falsecount="0"/>
      <line num="32" count="1" type="stmt"/>
      <line num="33" count="1" type="stmt"/>
      <line num="35" count="1" type="stmt"/>
      <line num="36" count="1" type="stmt"/>
      <line num="37" count="1" type="stmt"/>
      <line num="39" count="2" type="cond" truecount="0" falsecount="1"/>
      <line num="40" count="0" type="stmt"/>
      <line num="41" count="0" type="cond" truecount="1" falsecount="0"/>
      <line num="43" count="1" type="stmt"/>
      <line num="45" count="1" type="stmt"/>
      <line num="46" count="1" type="stmt"/>
      <line num="47" count="1" type="stmt"/>
      <line num="48" count="1" type="stmt"/>
      <line num="49" count="2" type="cond" truecount="0" falsecount="1"/>
      <line num="50" count="0" type="stmt"/>
      <line num="51" count="0" type="stmt"/>
      <line num="52" count="2" type="cond" truecount="0" falsecount="1"/>
      <line num="53" count="0" type="stmt"/>
      <line num="54" count="0" type="stmt"/>
      <line num="55" count="2" type="cond" truecount="0" falsecount="1"/>
      <line num="56" count="0" type="stmt"/>
      <line num="57" count="2" type="cond" truecount="1" falsecount="0"/>
      <line num="60" count="1" type="stmt"/>
      <line num="61" count="1" type="stmt"/>
      <line num="64" count="2" type="cond" truecount="0" falsecount="1"/>
      <line num="65" count="0" type="stmt"/>
      <line num="66" count="0" type="cond" truecount="1" falsecount="0"/>
      <line num="68" count="1" type="stmt"/>
      <line num="69" count="2" type="stmt"/>
      <line num="74" count="1" type="stmt"/>
      <line num="75" count="0" type="stmt"/>
      <line num="76" count="0" type="stmt"/>
      <line num="77" count="0" type="stmt"/>
      <line num="78" count="0" type="stmt"/>
      <line num="79" count="0" type="stmt"/>
      <line num="80" count="0" type="stmt"/>
      <line num="81" count="0" type="stmt"/>
      <line num="83" count="0" type="stmt"/>
      <line num="85" count="0" type="stmt"/>
      <line num="88" count="0" type="stmt"/>
      <line num="90" count="0" type="stmt"/>
      <line num="91" count="0" type="stmt"/>
      <line num="96" count="1" type="stmt"/>
      <line num="101" count="0" type="stmt"/>
      <line num="103" count="0" type="stmt"/>
      <line num="104" count="0" type="stmt"/>
      <line num="105" count="0" type="stmt"/>
      <line num="106" count="0" type="stmt"/>
      <line num="107" count="0" type="stmt"/>
      <line num="108" count="0" type="stmt"/>
      <line num="111" count="0" type="stmt"/>
      <line num="112" count="0" type="stmt"/>
      <line num="113" count="0" type="stmt"/>
      <line num="115" count="0" type="stmt"/>
      <line num="116" count="0" type="stmt"/>
      <line num="117" count="0" type="stmt"/>
      <line num="118" count="0" type="stmt"/>
      <line num="119" count="0" type="stmt"/>
      <line num="120" count="0" type="stmt"/>
      <line num="123" count="0" type="stmt"/>
      <line num="124" count="0" type="stmt"/>
      <line num="127" count="0" type="stmt"/>
      <line num="128" count="0" type="stmt"/>
      <line num="129" count="0" type="stmt"/>
      <line num="130" count="0" type="stmt"/>
      <line num="131" count="0" type="stmt"/>
      <line num="132" count="0" type="stmt"/>
      <line num="135" count="0" type="stmt"/>
      <line num="136" count="0" type="stmt"/>
      <line num="138" count="0" type="stmt"/>
      <line num="139" count="0" type="stmt"/>
      <line num="140" count="0" type="stmt"/>
      <line num="142" count="0" type="stmt"/>
      <line num="143" count="0" type="stmt"/>
      <line num="144" count="0" type="stmt"/>
      <line num="145" count="0" type="stmt"/>
      <line num="146" count="0" type="stmt"/>
      <line num="147" count="0" type="stmt"/>
      <line num="152" count="1" type="cond" truecount="1" falsecount="0"/>
      <line num="153" count="3" type="cond" truecount="0" falsecount="1"/>
      <line num="154" count="0" type="stmt"/>
      <line num="155" count="0" type="stmt"/>
      <line num="157" count="3" type="cond" truecount="1" falsecount="0"/>
      <line num="158" count="2" type="stmt"/>
      <line num="159" count="2" type="cond" truecount="1" falsecount="0"/>
      <line num="161" count="1" type="stmt"/>
      <line num="162" count="3" type="stmt"/>
      <line num="167" count="1" type="cond" truecount="1" falsecount="0"/>
      <line num="168" count="5" type="stmt"/>
      <line num="169" count="5" type="stmt"/>
      <line num="170" count="5" type="stmt"/>
      <line num="175" count="1" type="stmt"/>
      <line num="176" count="0" type="stmt"/>
      <line num="177" count="0" type="stmt"/>
      <line num="178" count="0" type="stmt"/>
      <line num="179" count="0" type="stmt"/>
      <line num="182" count="0" type="stmt"/>
      <line num="183" count="0" type="stmt"/>
      <line num="184" count="0" type="stmt"/>
      <line num="185" count="0" type="stmt"/>
      <line num="188" count="0" type="stmt"/>
      <line num="189" count="0" type="stmt"/>
      <line num="190" count="0" type="stmt"/>
      <line num="191" count="0" type="stmt"/>
      <line num="192" count="0" type="stmt"/>
      <line num="197" count="1" type="stmt"/>
      <line num="198" count="0" type="stmt"/>
      <line num="199" count="0" type="stmt"/>
      <line num="200" count="0" type="stmt"/>
      <line num="203" count="0" type="stmt"/>
      <line num="204" count="0" type="stmt"/>
      <line num="206" count="0" type="stmt"/>
      <line num="207" count="0" type="stmt"/>
      <line num="208" count="0" type="stmt"/>
      <line num="210" count="0" type="stmt"/>
      <line num="211" count="0" type="stmt"/>
      <line num="216" count="1" type="cond" truecount="1" falsecount="0"/>
      <line num="217" count="1" type="stmt"/>
      <line num="218" count="1" type="stmt"/>
      <line num="219" count="1" type="cond" truecount="0" falsecount="1"/>
      <line num="221" count="0" type="stmt"/>
      <line num="223" count="0" type="stmt"/>
      <line num="224" count="0" type="stmt"/>
      <line num="225" count="0" type="stmt"/>
      <line num="227" count="0" type="stmt"/>
      <line num="228" count="0" type="stmt"/>
      <line num="229" count="0" type="stmt"/>
      <line num="231" count="0" type="stmt"/>
      <line num="232" count="0" type="stmt"/>
      <line num="235" count="0" type="stmt"/>
      <line num="238" count="0" type="stmt"/>
      <line num="239" count="0" type="stmt"/>
      <line num="240" count="1" type="stmt"/>
      <line num="245" count="1" type="stmt"/>
      <line num="246" count="0" type="stmt"/>
      <line num="247" count="0" type="stmt"/>
      <line num="248" count="0" type="stmt"/>
      <line num="249" count="0" type="stmt"/>
      <line num="250" count="0" type="stmt"/>
      <line num="251" count="0" type="stmt"/>
      <line num="252" count="0" type="stmt"/>
      <line num="254" count="0" type="stmt"/>
      <line num="255" count="0" type="stmt"/>
      <line num="256" count="0" type="stmt"/>
      <line num="257" count="0" type="stmt"/>
      <line num="258" count="0" type="stmt"/>
      <line num="259" count="0" type="stmt"/>
      <line num="264" count="1" type="stmt"/>
      <line num="265" count="0" type="stmt"/>
      <line num="266" count="0" type="stmt"/>
      <line num="267" count="0" type="stmt"/>
      <line num="272" count="0" type="stmt"/>
      <line num="273" count="0" type="stmt"/>
      <line num="274" count="0" type="stmt"/>
      <line num="275" count="0" type="stmt"/>
      <line num="278" count="0" type="stmt"/>
      <line num="279" count="0" type="stmt"/>
      <line num="281" count="0" type="stmt"/>
      <line num="282" count="0" type="stmt"/>
      <line num="284" count="0" type="stmt"/>
      <line num="285" count="0" type="stmt"/>
      <line num="286" count="0" type="stmt"/>
      <line num="287" count="0" type="stmt"/>
      <line num="288" count="0" type="stmt"/>
      <line num="289" count="0" type="stmt"/>
      <line num="290" count="0" type="stmt"/>
      <line num="292" count="0" type="stmt"/>
      <line num="293" count="0" type="stmt"/>
      <line num="294" count="0" type="stmt"/>
      <line num="295" count="0" type="stmt"/>
      <line num="296" count="0" type="stmt"/>
      <line num="297" count="0" type="stmt"/>
      <line num="302" count="1" type="stmt"/>
      <line num="303" count="0" type="stmt"/>
      <line num="305" count="0" type="stmt"/>
      <line num="306" count="0" type="stmt"/>
      <line num="307" count="0" type="stmt"/>
      <line num="308" count="0" type="stmt"/>
      <line num="313" count="1" type="cond" truecount="1" falsecount="0"/>
      <line num="314" count="5" type="stmt"/>
      <line num="315" count="5" type="stmt"/>
      <line num="316" count="5" type="stmt"/>
      <line num="317" count="5" type="stmt"/>
      <line num="322" count="1" type="cond" truecount="1" falsecount="0"/>
      <line num="331" count="1" type="stmt"/>
      <line num="332" count="1" type="stmt"/>
      <line num="333" count="0" type="stmt"/>
      <line num="334" count="0" type="stmt"/>
      <line num="335" count="1" type="stmt"/>
      <line num="337" count="1" type="stmt"/>
      <line num="339" count="1" type="stmt"/>
      <line num="340" count="1" type="stmt"/>
      <line num="341" count="1" type="stmt"/>
      <line num="342" count="1" type="stmt"/>
      <line num="343" count="1" type="stmt"/>
      <line num="344" count="1" type="stmt"/>
      <line num="345" count="1" type="stmt"/>
      <line num="346" count="1" type="stmt"/>
      <line num="347" count="1" type="stmt"/>
      <line num="348" count="1" type="stmt"/>
      <line num="349" count="1" type="stmt"/>
      <line num="354" count="1" type="stmt"/>
      <line num="355" count="0" type="stmt"/>
      <line num="356" count="0" type="stmt"/>
      <line num="361" count="1" type="stmt"/>
      <line num="362" count="0" type="stmt"/>
      <line num="363" count="0" type="stmt"/>
      <line num="368" count="1" type="stmt"/>
      <line num="369" count="0" type="stmt"/>
      <line num="370" count="0" type="stmt"/>
      <line num="371" count="0" type="stmt"/>
      <line num="372" count="0" type="stmt"/>
      <line num="374" count="0" type="stmt"/>
      <line num="376" count="0" type="stmt"/>
      <line num="377" count="0" type="stmt"/>
      <line num="382" count="1" type="stmt"/>
      <line num="383" count="0" type="stmt"/>
      <line num="384" count="0" type="stmt"/>
      <line num="385" count="0" type="stmt"/>
      <line num="390" count="1" type="stmt"/>
      <line num="391" count="0" type="stmt"/>
      <line num="392" count="0" type="stmt"/>
      <line num="393" count="0" type="stmt"/>
      <line num="394" count="1" type="stmt"/>
    </file>
    <file name="smcAnalyzer.ts" path="V:\development\robo_cripto\backend\api\services\smcAnalyzer.ts">
      <metrics statements="371" coveredstatements="331" conditionals="88" coveredconditionals="77" methods="20" coveredmethods="20"/>
      <line num="3" count="1" type="stmt"/>
      <line num="4" count="1" type="stmt"/>
      <line num="5" count="1" type="stmt"/>
      <line num="6" count="1" type="stmt"/>
      <line num="8" count="1" type="cond" truecount="1" falsecount="0"/>
      <line num="12" count="8" type="stmt"/>
      <line num="13" count="8" type="cond" truecount="1" falsecount="0"/>
      <line num="14" count="4" type="cond" truecount="1" falsecount="0"/>
      <line num="15" count="4" type="cond" truecount="1" falsecount="0"/>
      <line num="16" count="4" type="cond" truecount="1" falsecount="0"/>
      <line num="17" count="4" type="stmt"/>
      <line num="18" count="8" type="stmt"/>
      <line num="23" count="1" type="cond" truecount="1" falsecount="0"/>
      <line num="24" count="3" type="stmt"/>
      <line num="25" count="3" type="stmt"/>
      <line num="26" count="3" type="stmt"/>
      <line num="27" count="3" type="stmt"/>
      <line num="28" count="3" type="stmt"/>
      <line num="29" count="3" type="stmt"/>
      <line num="31" count="3" type="stmt"/>
      <line num="32" count="3" type="stmt"/>
      <line num="33" count="3" type="stmt"/>
      <line num="34" count="3" type="stmt"/>
      <line num="35" count="3" type="stmt"/>
      <line num="36" count="3" type="stmt"/>
      <line num="37" count="3" type="stmt"/>
      <line num="38" count="3" type="stmt"/>
      <line num="39" count="3" type="stmt"/>
      <line num="44" count="1" type="cond" truecount="1" falsecount="0"/>
      <line num="45" count="3" type="stmt"/>
      <line num="46" count="3" type="stmt"/>
      <line num="48" count="3" type="cond" truecount="1" falsecount="0"/>
      <line num="49" count="2" type="stmt"/>
      <line num="51" count="2" type="cond" truecount="0" falsecount="1"/>
      <line num="52" count="0" type="stmt"/>
      <line num="53" count="0" type="stmt"/>
      <line num="54" count="0" type="stmt"/>
      <line num="55" count="0" type="stmt"/>
      <line num="56" count="0" type="stmt"/>
      <line num="57" count="0" type="stmt"/>
      <line num="58" count="0" type="stmt"/>
      <line num="59" count="3" type="stmt"/>
      <line num="61" count="3" type="stmt"/>
      <line num="62" count="3" type="stmt"/>
      <line num="67" count="1" type="cond" truecount="1" falsecount="0"/>
      <line num="68" count="3" type="stmt"/>
      <line num="70" count="3" type="cond" truecount="1" falsecount="0"/>
      <line num="71" count="25" type="stmt"/>
      <line num="72" count="25" type="stmt"/>
      <line num="73" count="25" type="stmt"/>
      <line num="76" count="25" type="cond" truecount="1" falsecount="0"/>
      <line num="77" count="1" type="stmt"/>
      <line num="78" count="1" type="stmt"/>
      <line num="79" count="1" type="stmt"/>
      <line num="80" count="1" type="stmt"/>
      <line num="81" count="1" type="stmt"/>
      <line num="82" count="1" type="stmt"/>
      <line num="83" count="1" type="stmt"/>
      <line num="84" count="1" type="stmt"/>
      <line num="85" count="1" type="stmt"/>
      <line num="88" count="25" type="cond" truecount="1" falsecount="0"/>
      <line num="89" count="1" type="stmt"/>
      <line num="90" count="1" type="stmt"/>
      <line num="91" count="1" type="stmt"/>
      <line num="92" count="1" type="stmt"/>
      <line num="93" count="1" type="stmt"/>
      <line num="94" count="1" type="stmt"/>
      <line num="95" count="1" type="stmt"/>
      <line num="96" count="1" type="stmt"/>
      <line num="97" count="1" type="stmt"/>
      <line num="98" count="25" type="stmt"/>
      <line num="100" count="3" type="stmt"/>
      <line num="101" count="3" type="stmt"/>
      <line num="106" count="1" type="cond" truecount="1" falsecount="0"/>
      <line num="107" count="3" type="stmt"/>
      <line num="109" count="3" type="cond" truecount="1" falsecount="0"/>
      <line num="110" count="25" type="stmt"/>
      <line num="111" count="25" type="stmt"/>
      <line num="114" count="25" type="cond" truecount="0" falsecount="1"/>
      <line num="115" count="0" type="stmt"/>
      <line num="117" count="0" type="stmt"/>
      <line num="118" count="0" type="stmt"/>
      <line num="119" count="0" type="stmt"/>
      <line num="120" count="0" type="stmt"/>
      <line num="121" count="0" type="stmt"/>
      <line num="122" count="0" type="stmt"/>
      <line num="123" count="0" type="stmt"/>
      <line num="124" count="0" type="stmt"/>
      <line num="125" count="0" type="stmt"/>
      <line num="126" count="0" type="stmt"/>
      <line num="129" count="25" type="cond" truecount="1" falsecount="0"/>
      <line num="130" count="1" type="stmt"/>
      <line num="132" count="1" type="stmt"/>
      <line num="133" count="1" type="stmt"/>
      <line num="134" count="1" type="stmt"/>
      <line num="135" count="1" type="stmt"/>
      <line num="136" count="1" type="stmt"/>
      <line num="137" count="1" type="stmt"/>
      <line num="138" count="1" type="stmt"/>
      <line num="139" count="1" type="stmt"/>
      <line num="140" count="1" type="stmt"/>
      <line num="141" count="1" type="stmt"/>
      <line num="142" count="25" type="stmt"/>
      <line num="144" count="3" type="stmt"/>
      <line num="145" count="3" type="stmt"/>
      <line num="150" count="1" type="cond" truecount="1" falsecount="0"/>
      <line num="151" count="3" type="stmt"/>
      <line num="152" count="3" type="stmt"/>
      <line num="154" count="3" type="cond" truecount="1" falsecount="0"/>
      <line num="155" count="1" type="stmt"/>
      <line num="156" count="1" type="stmt"/>
      <line num="158" count="1" type="cond" truecount="0" falsecount="1"/>
      <line num="159" count="0" type="stmt"/>
      <line num="160" count="0" type="stmt"/>
      <line num="161" count="0" type="stmt"/>
      <line num="162" count="0" type="stmt"/>
      <line num="163" count="0" type="stmt"/>
      <line num="164" count="0" type="stmt"/>
      <line num="165" count="0" type="stmt"/>
      <line num="166" count="0" type="stmt"/>
      <line num="167" count="0" type="stmt"/>
      <line num="168" count="0" type="stmt"/>
      <line num="169" count="0" type="stmt"/>
      <line num="170" count="0" type="stmt"/>
      <line num="171" count="0" type="stmt"/>
      <line num="172" count="0" type="stmt"/>
      <line num="173" count="0" type="stmt"/>
      <line num="174" count="1" type="stmt"/>
      <line num="175" count="1" type="stmt"/>
      <line num="176" count="1" type="stmt"/>
      <line num="177" count="1" type="stmt"/>
      <line num="178" count="1" type="stmt"/>
      <line num="179" count="1" type="stmt"/>
      <line num="180" count="1" type="stmt"/>
      <line num="181" count="1" type="stmt"/>
      <line num="182" count="1" type="cond" truecount="0" falsecount="1"/>
      <line num="183" count="0" type="stmt"/>
      <line num="184" count="0" type="stmt"/>
      <line num="185" count="0" type="stmt"/>
      <line num="186" count="0" type="stmt"/>
      <line num="187" count="0" type="stmt"/>
      <line num="188" count="0" type="stmt"/>
      <line num="189" count="0" type="stmt"/>
      <line num="190" count="1" type="stmt"/>
      <line num="191" count="1" type="stmt"/>
      <line num="194" count="3" type="stmt"/>
      <line num="195" count="3" type="stmt"/>
      <line num="196" count="3" type="stmt"/>
      <line num="201" count="1" type="cond" truecount="1" falsecount="0"/>
      <line num="202" count="4" type="stmt"/>
      <line num="203" count="4" type="stmt"/>
      <line num="204" count="4" type="stmt"/>
      <line num="205" count="4" type="stmt"/>
      <line num="207" count="4" type="cond" truecount="1" falsecount="0"/>
      <line num="208" count="6" type="cond" truecount="2" falsecount="0"/>
      <line num="209" count="2" type="stmt"/>
      <line num="210" count="2" type="stmt"/>
      <line num="211" count="2" type="stmt"/>
      <line num="212" count="2" type="stmt"/>
      <line num="213" count="2" type="stmt"/>
      <line num="214" count="2" type="stmt"/>
      <line num="215" count="2" type="stmt"/>
      <line num="216" count="6" type="cond" truecount="1" falsecount="0"/>
      <line num="217" count="2" type="stmt"/>
      <line num="218" count="2" type="cond" truecount="1" falsecount="0"/>
      <line num="219" count="1" type="stmt"/>
      <line num="220" count="1" type="stmt"/>
      <line num="221" count="1" type="stmt"/>
      <line num="222" count="1" type="stmt"/>
      <line num="223" count="1" type="stmt"/>
      <line num="224" count="1" type="stmt"/>
      <line num="225" count="1" type="stmt"/>
      <line num="226" count="2" type="stmt"/>
      <line num="227" count="2" type="stmt"/>
      <line num="228" count="2" type="stmt"/>
      <line num="229" count="2" type="stmt"/>
      <line num="230" count="2" type="stmt"/>
      <line num="231" count="2" type="stmt"/>
      <line num="232" count="2" type="stmt"/>
      <line num="233" count="2" type="stmt"/>
      <line num="234" count="2" type="stmt"/>
      <line num="235" count="6" type="cond" truecount="2" falsecount="0"/>
      <line num="236" count="2" type="stmt"/>
      <line num="237" count="2" type="cond" truecount="1" falsecount="0"/>
      <line num="238" count="1" type="stmt"/>
      <line num="239" count="1" type="stmt"/>
      <line num="240" count="1" type="stmt"/>
      <line num="241" count="1" type="stmt"/>
      <line num="242" count="1" type="stmt"/>
      <line num="243" count="1" type="stmt"/>
      <line num="244" count="1" type="stmt"/>
      <line num="245" count="2" type="stmt"/>
      <line num="246" count="2" type="stmt"/>
      <line num="247" count="2" type="stmt"/>
      <line num="248" count="2" type="stmt"/>
      <line num="249" count="2" type="stmt"/>
      <line num="250" count="2" type="stmt"/>
      <line num="251" count="2" type="stmt"/>
      <line num="252" count="2" type="stmt"/>
      <line num="253" count="2" type="stmt"/>
      <line num="254" count="2" type="stmt"/>
      <line num="255" count="2" type="stmt"/>
      <line num="256" count="2" type="stmt"/>
      <line num="257" count="4" type="stmt"/>
      <line num="259" count="4" type="stmt"/>
      <line num="260" count="4" type="stmt"/>
      <line num="265" count="1" type="cond" truecount="1" falsecount="0"/>
      <line num="266" count="6" type="stmt"/>
      <line num="267" count="6" type="stmt"/>
      <line num="269" count="6" type="cond" truecount="1" falsecount="0"/>
      <line num="270" count="24" type="stmt"/>
      <line num="271" count="24" type="stmt"/>
      <line num="272" count="24" type="stmt"/>
      <line num="274" count="24" type="cond" truecount="1" falsecount="0"/>
      <line num="275" count="2" type="stmt"/>
      <line num="276" count="24" type="cond" truecount="2" falsecount="0"/>
      <line num="277" count="2" type="stmt"/>
      <line num="278" count="2" type="stmt"/>
      <line num="279" count="24" type="stmt"/>
      <line num="281" count="6" type="stmt"/>
      <line num="282" count="6" type="stmt"/>
      <line num="287" count="1" type="cond" truecount="1" falsecount="0"/>
      <line num="288" count="24" type="stmt"/>
      <line num="289" count="24" type="cond" truecount="1" falsecount="0"/>
      <line num="290" count="32" type="cond" truecount="2" falsecount="0"/>
      <line num="291" count="22" type="stmt"/>
      <line num="292" count="22" type="stmt"/>
      <line num="293" count="32" type="cond" truecount="1" falsecount="0"/>
      <line num="294" count="2" type="stmt"/>
      <line num="295" count="24" type="stmt"/>
      <line num="300" count="1" type="cond" truecount="1" falsecount="0"/>
      <line num="301" count="24" type="stmt"/>
      <line num="302" count="24" type="cond" truecount="1" falsecount="0"/>
      <line num="303" count="32" type="cond" truecount="2" falsecount="0"/>
      <line num="304" count="22" type="stmt"/>
      <line num="305" count="22" type="stmt"/>
      <line num="306" count="32" type="cond" truecount="1" falsecount="0"/>
      <line num="307" count="2" type="stmt"/>
      <line num="308" count="24" type="stmt"/>
      <line num="313" count="1" type="cond" truecount="1" falsecount="0"/>
      <line num="314" count="3" type="stmt"/>
      <line num="315" count="3" type="stmt"/>
      <line num="316" count="3" type="stmt"/>
      <line num="318" count="3" type="cond" truecount="1" falsecount="0"/>
      <line num="319" count="29" type="stmt"/>
      <line num="320" count="3" type="stmt"/>
      <line num="322" count="3" type="cond" truecount="1" falsecount="0"/>
      <line num="323" count="3" type="stmt"/>
      <line num="328" count="1" type="cond" truecount="1" falsecount="0"/>
      <line num="329" count="3" type="stmt"/>
      <line num="330" count="3" type="stmt"/>
      <line num="331" count="3" type="stmt"/>
      <line num="333" count="3" type="cond" truecount="1" falsecount="0"/>
      <line num="334" count="29" type="stmt"/>
      <line num="335" count="3" type="stmt"/>
      <line num="337" count="3" type="cond" truecount="1" falsecount="0"/>
      <line num="338" count="3" type="stmt"/>
      <line num="343" count="1" type="cond" truecount="1" falsecount="0"/>
      <line num="345" count="25" type="cond" truecount="1" falsecount="0"/>
      <line num="346" count="2" type="stmt"/>
      <line num="349" count="25" type="stmt"/>
      <line num="351" count="25" type="cond" truecount="1" falsecount="0"/>
      <line num="352" count="25" type="stmt"/>
      <line num="357" count="1" type="cond" truecount="1" falsecount="0"/>
      <line num="359" count="25" type="cond" truecount="1" falsecount="0"/>
      <line num="360" count="4" type="stmt"/>
      <line num="363" count="25" type="stmt"/>
      <line num="365" count="25" type="cond" truecount="1" falsecount="0"/>
      <line num="366" count="25" type="stmt"/>
      <line num="371" count="1" type="cond" truecount="1" falsecount="0"/>
      <line num="372" count="2" type="stmt"/>
      <line num="373" count="2" type="stmt"/>
      <line num="374" count="2" type="stmt"/>
      <line num="375" count="2" type="stmt"/>
      <line num="377" count="2" type="cond" truecount="1" falsecount="0"/>
      <line num="378" count="17" type="stmt"/>
      <line num="379" count="17" type="cond" truecount="1" falsecount="0"/>
      <line num="380" count="7" type="cond" truecount="0" falsecount="1"/>
      <line num="381" count="7" type="cond" truecount="0" falsecount="2"/>
      <line num="382" count="17" type="cond" truecount="1" falsecount="0"/>
      <line num="383" count="10" type="cond" truecount="0" falsecount="1"/>
      <line num="384" count="10" type="cond" truecount="1" falsecount="1"/>
      <line num="385" count="10" type="stmt"/>
      <line num="386" count="17" type="stmt"/>
      <line num="388" count="2" type="stmt"/>
      <line num="389" count="2" type="stmt"/>
      <line num="394" count="1" type="cond" truecount="1" falsecount="0"/>
      <line num="395" count="2" type="stmt"/>
      <line num="396" count="2" type="stmt"/>
      <line num="397" count="2" type="stmt"/>
      <line num="400" count="2" type="stmt"/>
      <line num="402" count="2" type="stmt"/>
      <line num="403" count="2" type="stmt"/>
      <line num="408" count="1" type="cond" truecount="1" falsecount="0"/>
      <line num="409" count="2" type="stmt"/>
      <line num="412" count="2" type="stmt"/>
      <line num="413" count="2" type="cond" truecount="1" falsecount="0"/>
      <line num="414" count="1" type="stmt"/>
      <line num="415" count="1" type="stmt"/>
      <line num="416" count="1" type="stmt"/>
      <line num="417" count="1" type="stmt"/>
      <line num="418" count="1" type="stmt"/>
      <line num="421" count="2" type="stmt"/>
      <line num="422" count="2" type="cond" truecount="1" falsecount="0"/>
      <line num="423" count="1" type="stmt"/>
      <line num="424" count="1" type="stmt"/>
      <line num="425" count="1" type="stmt"/>
      <line num="426" count="1" type="stmt"/>
      <line num="427" count="1" type="stmt"/>
      <line num="429" count="2" type="stmt"/>
      <line num="430" count="2" type="stmt"/>
      <line num="432" count="1" type="cond" truecount="1" falsecount="0"/>
      <line num="433" count="1" type="stmt"/>
      <line num="434" count="1" type="stmt"/>
      <line num="439" count="1" type="cond" truecount="1" falsecount="0"/>
      <line num="441" count="2" type="cond" truecount="1" falsecount="0"/>
      <line num="442" count="2" type="cond" truecount="1" falsecount="0"/>
      <line num="443" count="1" type="cond" truecount="1" falsecount="0"/>
      <line num="444" count="1" type="stmt"/>
      <line num="445" count="2" type="stmt"/>
      <line num="447" count="2" type="cond" truecount="1" falsecount="0"/>
      <line num="450" count="1" type="cond" truecount="1" falsecount="0"/>
      <line num="451" count="1" type="stmt"/>
      <line num="452" count="1" type="stmt"/>
      <line num="453" count="1" type="stmt"/>
      <line num="454" count="1" type="stmt"/>
      <line num="455" count="1" type="stmt"/>
      <line num="457" count="2" type="cond" truecount="1" falsecount="1"/>
      <line num="460" count="1" type="stmt"/>
      <line num="461" count="1" type="stmt"/>
      <line num="462" count="1" type="stmt"/>
      <line num="464" count="1" type="stmt"/>
      <line num="465" count="1" type="stmt"/>
      <line num="466" count="1" type="stmt"/>
      <line num="467" count="1" type="stmt"/>
      <line num="468" count="1" type="stmt"/>
      <line num="469" count="1" type="stmt"/>
      <line num="470" count="1" type="stmt"/>
      <line num="471" count="1" type="stmt"/>
      <line num="472" count="1" type="stmt"/>
      <line num="473" count="1" type="stmt"/>
      <line num="474" count="2" type="stmt"/>
      <line num="479" count="1" type="cond" truecount="1" falsecount="0"/>
      <line num="481" count="2" type="cond" truecount="1" falsecount="0"/>
      <line num="482" count="2" type="cond" truecount="1" falsecount="0"/>
      <line num="483" count="1" type="cond" truecount="1" falsecount="0"/>
      <line num="484" count="1" type="stmt"/>
      <line num="485" count="2" type="stmt"/>
      <line num="487" count="2" type="cond" truecount="1" falsecount="0"/>
      <line num="490" count="1" type="cond" truecount="1" falsecount="0"/>
      <line num="491" count="1" type="stmt"/>
      <line num="492" count="1" type="stmt"/>
      <line num="493" count="1" type="stmt"/>
      <line num="494" count="1" type="stmt"/>
      <line num="495" count="1" type="stmt"/>
      <line num="497" count="2" type="cond" truecount="1" falsecount="1"/>
      <line num="500" count="1" type="stmt"/>
      <line num="501" count="1" type="stmt"/>
      <line num="502" count="1" type="stmt"/>
      <line num="504" count="1" type="stmt"/>
      <line num="505" count="1" type="stmt"/>
      <line num="506" count="1" type="stmt"/>
      <line num="507" count="1" type="stmt"/>
      <line num="508" count="1" type="stmt"/>
      <line num="509" count="1" type="stmt"/>
      <line num="510" count="1" type="stmt"/>
      <line num="511" count="1" type="stmt"/>
      <line num="512" count="1" type="stmt"/>
      <line num="513" count="1" type="stmt"/>
      <line num="514" count="2" type="stmt"/>
      <line num="515" count="1" type="stmt"/>
    </file>
    <file name="tradingEngine.ts" path="V:\development\robo_cripto\backend\api\services\tradingEngine.ts">
      <metrics statements="256" coveredstatements="57" conditionals="11" coveredconditionals="5" methods="18" coveredmethods="3"/>
      <line num="1" count="1" type="stmt"/>
      <line num="16" count="1" type="stmt"/>
      <line num="20" count="1" type="stmt"/>
      <line num="21" count="1" type="stmt"/>
      <line num="22" count="1" type="stmt"/>
      <line num="23" count="1" type="stmt"/>
      <line num="24" count="1" type="stmt"/>
      <line num="25" count="1" type="stmt"/>
      <line num="27" count="1" type="cond" truecount="1" falsecount="0"/>
      <line num="28" count="2" type="stmt"/>
      <line num="29" count="2" type="stmt"/>
      <line num="30" count="2" type="stmt"/>
      <line num="31" count="2" type="stmt"/>
      <line num="32" count="2" type="stmt"/>
      <line num="33" count="2" type="stmt"/>
      <line num="34" count="2" type="stmt"/>
      <line num="35" count="2" type="stmt"/>
      <line num="40" count="1" type="stmt"/>
      <line num="41" count="0" type="stmt"/>
      <line num="44" count="0" type="stmt"/>
      <line num="45" count="0" type="stmt"/>
      <line num="46" count="0" type="stmt"/>
      <line num="47" count="0" type="stmt"/>
      <line num="50" count="0" type="stmt"/>
      <line num="52" count="0" type="stmt"/>
      <line num="53" count="0" type="stmt"/>
      <line num="58" count="1" type="stmt"/>
      <line num="59" count="0" type="stmt"/>
      <line num="60" count="0" type="stmt"/>
      <line num="61" count="0" type="stmt"/>
      <line num="66" count="1" type="stmt"/>
      <line num="67" count="0" type="stmt"/>
      <line num="68" count="0" type="stmt"/>
      <line num="69" count="0" type="stmt"/>
      <line num="74" count="1" type="stmt"/>
      <line num="75" count="0" type="stmt"/>
      <line num="76" count="0" type="stmt"/>
      <line num="77" count="0" type="stmt"/>
      <line num="78" count="0" type="stmt"/>
      <line num="80" count="0" type="stmt"/>
      <line num="81" count="0" type="stmt"/>
      <line num="84" count="0" type="stmt"/>
      <line num="85" count="0" type="stmt"/>
      <line num="86" count="0" type="stmt"/>
      <line num="89" count="0" type="stmt"/>
      <line num="90" count="0" type="stmt"/>
      <line num="91" count="0" type="stmt"/>
      <line num="94" count="0" type="stmt"/>
      <line num="95" count="0" type="stmt"/>
      <line num="100" count="1" type="stmt"/>
      <line num="101" count="0" type="stmt"/>
      <line num="103" count="0" type="stmt"/>
      <line num="104" count="0" type="stmt"/>
      <line num="105" count="0" type="stmt"/>
      <line num="106" count="0" type="stmt"/>
      <line num="108" count="0" type="stmt"/>
      <line num="109" count="0" type="stmt"/>
      <line num="110" count="0" type="stmt"/>
      <line num="111" count="0" type="stmt"/>
      <line num="113" count="0" type="stmt"/>
      <line num="114" count="0" type="stmt"/>
      <line num="119" count="1" type="stmt"/>
      <line num="120" count="0" type="stmt"/>
      <line num="122" count="0" type="stmt"/>
      <line num="124" count="0" type="stmt"/>
      <line num="125" count="0" type="stmt"/>
      <line num="127" count="0" type="stmt"/>
      <line num="128" count="0" type="stmt"/>
      <line num="129" count="0" type="stmt"/>
      <line num="130" count="0" type="stmt"/>
      <line num="131" count="0" type="stmt"/>
      <line num="132" count="0" type="stmt"/>
      <line num="133" count="0" type="stmt"/>
      <line num="138" count="1" type="stmt"/>
      <line num="139" count="0" type="stmt"/>
      <line num="142" count="0" type="stmt"/>
      <line num="143" count="0" type="stmt"/>
      <line num="144" count="0" type="stmt"/>
      <line num="145" count="0" type="stmt"/>
      <line num="146" count="0" type="stmt"/>
      <line num="147" count="0" type="stmt"/>
      <line num="150" count="0" type="stmt"/>
      <line num="151" count="0" type="stmt"/>
      <line num="152" count="0" type="stmt"/>
      <line num="153" count="0" type="stmt"/>
      <line num="154" count="0" type="stmt"/>
      <line num="157" count="0" type="stmt"/>
      <line num="160" count="0" type="stmt"/>
      <line num="161" count="0" type="stmt"/>
      <line num="164" count="0" type="stmt"/>
      <line num="167" count="0" type="stmt"/>
      <line num="168" count="0" type="stmt"/>
      <line num="169" count="0" type="stmt"/>
      <line num="172" count="0" type="stmt"/>
      <line num="173" count="0" type="stmt"/>
      <line num="178" count="1" type="stmt"/>
      <line num="179" count="0" type="stmt"/>
      <line num="180" count="0" type="stmt"/>
      <line num="181" count="0" type="stmt"/>
      <line num="182" count="0" type="stmt"/>
      <line num="184" count="0" type="stmt"/>
      <line num="186" count="0" type="stmt"/>
      <line num="187" count="0" type="stmt"/>
      <line num="188" count="0" type="stmt"/>
      <line num="189" count="0" type="stmt"/>
      <line num="192" count="0" type="stmt"/>
      <line num="193" count="0" type="stmt"/>
      <line num="194" count="0" type="stmt"/>
      <line num="197" count="0" type="stmt"/>
      <line num="198" count="0" type="stmt"/>
      <line num="199" count="0" type="stmt"/>
      <line num="200" count="0" type="stmt"/>
      <line num="201" count="0" type="stmt"/>
      <line num="203" count="0" type="stmt"/>
      <line num="204" count="0" type="stmt"/>
      <line num="205" count="0" type="stmt"/>
      <line num="206" count="0" type="stmt"/>
      <line num="209" count="0" type="stmt"/>
      <line num="210" count="0" type="stmt"/>
      <line num="211" count="0" type="stmt"/>
      <line num="212" count="0" type="stmt"/>
      <line num="213" count="0" type="stmt"/>
      <line num="214" count="0" type="stmt"/>
      <line num="215" count="0" type="stmt"/>
      <line num="216" count="0" type="stmt"/>
      <line num="217" count="0" type="stmt"/>
      <line num="218" count="0" type="stmt"/>
      <line num="219" count="0" type="stmt"/>
      <line num="220" count="0" type="stmt"/>
      <line num="223" count="0" type="stmt"/>
      <line num="224" count="0" type="stmt"/>
      <line num="225" count="0" type="stmt"/>
      <line num="226" count="0" type="stmt"/>
      <line num="227" count="0" type="stmt"/>
      <line num="228" count="0" type="stmt"/>
      <line num="229" count="0" type="stmt"/>
      <line num="230" count="0" type="stmt"/>
      <line num="231" count="0" type="stmt"/>
      <line num="232" count="0" type="stmt"/>
      <line num="235" count="0" type="stmt"/>
      <line num="236" count="0" type="stmt"/>
      <line num="238" count="0" type="stmt"/>
      <line num="241" count="0" type="stmt"/>
      <line num="243" count="0" type="stmt"/>
      <line num="244" count="0" type="stmt"/>
      <line num="245" count="0" type="stmt"/>
      <line num="246" count="0" type="stmt"/>
      <line num="251" count="1" type="stmt"/>
      <line num="252" count="0" type="stmt"/>
      <line num="254" count="0" type="stmt"/>
      <line num="256" count="0" type="stmt"/>
      <line num="257" count="0" type="stmt"/>
      <line num="259" count="0" type="stmt"/>
      <line num="260" count="0" type="stmt"/>
      <line num="261" count="0" type="stmt"/>
      <line num="262" count="0" type="stmt"/>
      <line num="263" count="0" type="stmt"/>
      <line num="264" count="0" type="stmt"/>
      <line num="265" count="0" type="stmt"/>
      <line num="270" count="1" type="stmt"/>
      <line num="272" count="0" type="stmt"/>
      <line num="273" count="0" type="stmt"/>
      <line num="276" count="0" type="stmt"/>
      <line num="277" count="0" type="stmt"/>
      <line num="278" count="0" type="stmt"/>
      <line num="281" count="0" type="stmt"/>
      <line num="283" count="0" type="stmt"/>
      <line num="284" count="0" type="stmt"/>
      <line num="286" count="0" type="stmt"/>
      <line num="287" count="0" type="stmt"/>
      <line num="290" count="0" type="stmt"/>
      <line num="291" count="0" type="stmt"/>
      <line num="293" count="0" type="stmt"/>
      <line num="294" count="0" type="stmt"/>
      <line num="296" count="0" type="stmt"/>
      <line num="299" count="0" type="stmt"/>
      <line num="301" count="0" type="stmt"/>
      <line num="302" count="0" type="stmt"/>
      <line num="303" count="0" type="stmt"/>
      <line num="306" count="0" type="stmt"/>
      <line num="307" count="0" type="stmt"/>
      <line num="312" count="1" type="cond" truecount="1" falsecount="0"/>
      <line num="315" count="2" type="stmt"/>
      <line num="317" count="2" type="cond" truecount="1" falsecount="0"/>
      <line num="318" count="1" type="stmt"/>
      <line num="319" count="1" type="stmt"/>
      <line num="321" count="2" type="cond" truecount="0" falsecount="2"/>
      <line num="322" count="0" type="stmt"/>
      <line num="323" count="0" type="cond" truecount="1" falsecount="0"/>
      <line num="326" count="1" type="stmt"/>
      <line num="327" count="1" type="stmt"/>
      <line num="328" count="1" type="stmt"/>
      <line num="329" count="1" type="cond" truecount="0" falsecount="1"/>
      <line num="331" count="1" type="cond" truecount="0" falsecount="1"/>
      <line num="332" count="0" type="stmt"/>
      <line num="333" count="0" type="stmt"/>
      <line num="334" count="1" type="cond" truecount="0" falsecount="1"/>
      <line num="337" count="0" type="stmt"/>
      <line num="338" count="0" type="stmt"/>
      <line num="339" count="0" type="stmt"/>
      <line num="342" count="2" type="cond" truecount="0" falsecount="1"/>
      <line num="343" count="0" type="stmt"/>
      <line num="344" count="0" type="stmt"/>
      <line num="346" count="0" type="stmt"/>
      <line num="347" count="2" type="stmt"/>
      <line num="352" count="1" type="stmt"/>
      <line num="353" count="0" type="stmt"/>
      <line num="355" count="0" type="stmt"/>
      <line num="357" count="0" type="stmt"/>
      <line num="358" count="0" type="stmt"/>
      <line num="360" count="0" type="stmt"/>
      <line num="361" count="0" type="stmt"/>
      <line num="362" count="0" type="stmt"/>
      <line num="365" count="0" type="stmt"/>
      <line num="368" count="0" type="stmt"/>
      <line num="369" count="0" type="stmt"/>
      <line num="370" count="0" type="stmt"/>
      <line num="373" count="0" type="stmt"/>
      <line num="375" count="0" type="stmt"/>
      <line num="377" count="0" type="stmt"/>
      <line num="378" count="0" type="stmt"/>
      <line num="379" count="0" type="stmt"/>
      <line num="380" count="0" type="stmt"/>
      <line num="385" count="1" type="stmt"/>
      <line num="387" count="0" type="stmt"/>
      <line num="388" count="0" type="stmt"/>
      <line num="389" count="0" type="stmt"/>
      <line num="390" count="0" type="stmt"/>
      <line num="391" count="0" type="stmt"/>
      <line num="392" count="0" type="stmt"/>
      <line num="393" count="0" type="stmt"/>
      <line num="394" count="0" type="stmt"/>
      <line num="395" count="0" type="stmt"/>
      <line num="396" count="0" type="stmt"/>
      <line num="397" count="0" type="stmt"/>
      <line num="398" count="0" type="stmt"/>
      <line num="403" count="1" type="stmt"/>
      <line num="405" count="0" type="stmt"/>
      <line num="406" count="0" type="stmt"/>
      <line num="411" count="1" type="cond" truecount="1" falsecount="0"/>
      <line num="417" count="1" type="stmt"/>
      <line num="418" count="1" type="stmt"/>
      <line num="419" count="1" type="stmt"/>
      <line num="420" count="1" type="stmt"/>
      <line num="421" count="1" type="stmt"/>
      <line num="422" count="1" type="stmt"/>
      <line num="423" count="1" type="stmt"/>
      <line num="424" count="1" type="stmt"/>
      <line num="425" count="1" type="stmt"/>
      <line num="430" count="1" type="stmt"/>
      <line num="431" count="0" type="stmt"/>
      <line num="432" count="0" type="stmt"/>
      <line num="437" count="1" type="stmt"/>
      <line num="438" count="0" type="stmt"/>
      <line num="439" count="0" type="stmt"/>
      <line num="440" count="1" type="stmt"/>
    </file>
  </project>
</coverage>
