{"V:\\development\\robo_cripto\\backend\\api\\services\\riskManager.ts": {"path":"V:\\development\\robo_cripto\\backend\\api\\services\\riskManager.ts","all":false,"statementMap":{"2":{"start":{"line":3,"column":0},"end":{"line":3,"column":26}},"4":{"start":{"line":5,"column":0},"end":{"line":5,"column":32}},"5":{"start":{"line":6,"column":0},"end":{"line":6,"column":34}},"6":{"start":{"line":7,"column":0},"end":{"line":7,"column":47}},"7":{"start":{"line":8,"column":0},"end":{"line":8,"column":46}},"8":{"start":{"line":9,"column":0},"end":{"line":9,"column":65}},"10":{"start":{"line":11,"column":0},"end":{"line":11,"column":71}},"11":{"start":{"line":12,"column":0},"end":{"line":12,"column":25}},"12":{"start":{"line":13,"column":0},"end":{"line":13,"column":41}},"13":{"start":{"line":14,"column":0},"end":{"line":14,"column":28}},"14":{"start":{"line":15,"column":0},"end":{"line":15,"column":3}},"19":{"start":{"line":20,"column":0},"end":{"line":20,"column":24}},"20":{"start":{"line":21,"column":0},"end":{"line":21,"column":23}},"21":{"start":{"line":22,"column":0},"end":{"line":22,"column":21}},"22":{"start":{"line":23,"column":0},"end":{"line":23,"column":26}},"23":{"start":{"line":24,"column":0},"end":{"line":24,"column":27}},"24":{"start":{"line":25,"column":0},"end":{"line":25,"column":13}},"25":{"start":{"line":26,"column":0},"end":{"line":26,"column":25}},"26":{"start":{"line":27,"column":0},"end":{"line":27,"column":43}},"27":{"start":{"line":28,"column":0},"end":{"line":28,"column":5}},"30":{"start":{"line":31,"column":0},"end":{"line":31,"column":27}},"31":{"start":{"line":32,"column":0},"end":{"line":32,"column":15}},"32":{"start":{"line":33,"column":0},"end":{"line":33,"column":5}},"34":{"start":{"line":35,"column":0},"end":{"line":35,"column":40}},"35":{"start":{"line":36,"column":0},"end":{"line":36,"column":69}},"36":{"start":{"line":37,"column":0},"end":{"line":37,"column":74}},"38":{"start":{"line":39,"column":0},"end":{"line":39,"column":33}},"39":{"start":{"line":40,"column":0},"end":{"line":40,"column":15}},"40":{"start":{"line":41,"column":0},"end":{"line":41,"column":5}},"42":{"start":{"line":43,"column":0},"end":{"line":43,"column":29}},"44":{"start":{"line":45,"column":0},"end":{"line":45,"column":47}},"45":{"start":{"line":46,"column":0},"end":{"line":46,"column":19}},"46":{"start":{"line":47,"column":0},"end":{"line":47,"column":53}},"47":{"start":{"line":48,"column":0},"end":{"line":48,"column":14}},"48":{"start":{"line":49,"column":0},"end":{"line":49,"column":24}},"49":{"start":{"line":50,"column":0},"end":{"line":50,"column":68}},"50":{"start":{"line":51,"column":0},"end":{"line":51,"column":14}},"51":{"start":{"line":52,"column":0},"end":{"line":52,"column":19}},"52":{"start":{"line":53,"column":0},"end":{"line":53,"column":90}},"53":{"start":{"line":54,"column":0},"end":{"line":54,"column":14}},"54":{"start":{"line":55,"column":0},"end":{"line":55,"column":14}},"55":{"start":{"line":56,"column":0},"end":{"line":56,"column":53}},"56":{"start":{"line":57,"column":0},"end":{"line":57,"column":5}},"59":{"start":{"line":60,"column":0},"end":{"line":60,"column":58}},"60":{"start":{"line":61,"column":0},"end":{"line":61,"column":59}},"63":{"start":{"line":64,"column":0},"end":{"line":64,"column":64}},"64":{"start":{"line":65,"column":0},"end":{"line":65,"column":15}},"65":{"start":{"line":66,"column":0},"end":{"line":66,"column":5}},"67":{"start":{"line":68,"column":0},"end":{"line":68,"column":37}},"68":{"start":{"line":69,"column":0},"end":{"line":69,"column":3}},"73":{"start":{"line":74,"column":0},"end":{"line":74,"column":34}},"74":{"start":{"line":75,"column":0},"end":{"line":75,"column":26}},"75":{"start":{"line":76,"column":0},"end":{"line":76,"column":23}},"76":{"start":{"line":77,"column":0},"end":{"line":77,"column":28}},"77":{"start":{"line":78,"column":0},"end":{"line":78,"column":13}},"78":{"start":{"line":79,"column":0},"end":{"line":79,"column":88}},"79":{"start":{"line":80,"column":0},"end":{"line":80,"column":64}},"80":{"start":{"line":81,"column":0},"end":{"line":81,"column":37}},"82":{"start":{"line":83,"column":0},"end":{"line":83,"column":32}},"84":{"start":{"line":85,"column":0},"end":{"line":85,"column":73}},"87":{"start":{"line":88,"column":0},"end":{"line":88,"column":67}},"89":{"start":{"line":90,"column":0},"end":{"line":90,"column":69}},"90":{"start":{"line":91,"column":0},"end":{"line":91,"column":3}},"95":{"start":{"line":96,"column":0},"end":{"line":96,"column":42}},"100":{"start":{"line":101,"column":0},"end":{"line":101,"column":5}},"102":{"start":{"line":103,"column":0},"end":{"line":103,"column":27}},"103":{"start":{"line":104,"column":0},"end":{"line":104,"column":14}},"104":{"start":{"line":105,"column":0},"end":{"line":105,"column":23}},"105":{"start":{"line":106,"column":0},"end":{"line":106,"column":40}},"106":{"start":{"line":107,"column":0},"end":{"line":107,"column":8}},"107":{"start":{"line":108,"column":0},"end":{"line":108,"column":5}},"110":{"start":{"line":111,"column":0},"end":{"line":111,"column":63}},"111":{"start":{"line":112,"column":0},"end":{"line":112,"column":70}},"112":{"start":{"line":113,"column":0},"end":{"line":113,"column":42}},"114":{"start":{"line":115,"column":0},"end":{"line":115,"column":56}},"115":{"start":{"line":116,"column":0},"end":{"line":116,"column":14}},"116":{"start":{"line":117,"column":0},"end":{"line":117,"column":23}},"117":{"start":{"line":118,"column":0},"end":{"line":118,"column":113}},"118":{"start":{"line":119,"column":0},"end":{"line":119,"column":8}},"119":{"start":{"line":120,"column":0},"end":{"line":120,"column":5}},"122":{"start":{"line":123,"column":0},"end":{"line":123,"column":43}},"123":{"start":{"line":124,"column":0},"end":{"line":124,"column":54}},"126":{"start":{"line":127,"column":0},"end":{"line":127,"column":54}},"127":{"start":{"line":128,"column":0},"end":{"line":128,"column":33}},"128":{"start":{"line":129,"column":0},"end":{"line":129,"column":47}},"129":{"start":{"line":130,"column":0},"end":{"line":130,"column":45}},"130":{"start":{"line":131,"column":0},"end":{"line":131,"column":46}},"131":{"start":{"line":132,"column":0},"end":{"line":132,"column":5}},"134":{"start":{"line":135,"column":0},"end":{"line":135,"column":67}},"135":{"start":{"line":136,"column":0},"end":{"line":136,"column":65}},"137":{"start":{"line":138,"column":0},"end":{"line":138,"column":49}},"138":{"start":{"line":139,"column":0},"end":{"line":139,"column":42}},"139":{"start":{"line":140,"column":0},"end":{"line":140,"column":43}},"141":{"start":{"line":142,"column":0},"end":{"line":142,"column":12}},"142":{"start":{"line":143,"column":0},"end":{"line":143,"column":20}},"143":{"start":{"line":144,"column":0},"end":{"line":144,"column":23}},"144":{"start":{"line":145,"column":0},"end":{"line":145,"column":24}},"145":{"start":{"line":146,"column":0},"end":{"line":146,"column":6}},"146":{"start":{"line":147,"column":0},"end":{"line":147,"column":3}},"151":{"start":{"line":152,"column":0},"end":{"line":152,"column":23}},"152":{"start":{"line":153,"column":0},"end":{"line":153,"column":35}},"153":{"start":{"line":154,"column":0},"end":{"line":154,"column":19}},"154":{"start":{"line":155,"column":0},"end":{"line":155,"column":5}},"156":{"start":{"line":157,"column":0},"end":{"line":157,"column":64}},"157":{"start":{"line":158,"column":0},"end":{"line":158,"column":19}},"158":{"start":{"line":159,"column":0},"end":{"line":159,"column":5}},"160":{"start":{"line":161,"column":0},"end":{"line":161,"column":16}},"161":{"start":{"line":162,"column":0},"end":{"line":162,"column":3}},"166":{"start":{"line":167,"column":0},"end":{"line":167,"column":51}},"167":{"start":{"line":168,"column":0},"end":{"line":168,"column":38}},"168":{"start":{"line":169,"column":0},"end":{"line":169,"column":23}},"169":{"start":{"line":170,"column":0},"end":{"line":170,"column":3}},"174":{"start":{"line":175,"column":0},"end":{"line":175,"column":104}},"175":{"start":{"line":176,"column":0},"end":{"line":176,"column":71}},"176":{"start":{"line":177,"column":0},"end":{"line":177,"column":19}},"177":{"start":{"line":178,"column":0},"end":{"line":178,"column":71}},"178":{"start":{"line":179,"column":0},"end":{"line":179,"column":31}},"181":{"start":{"line":182,"column":0},"end":{"line":182,"column":28}},"182":{"start":{"line":183,"column":0},"end":{"line":183,"column":48}},"183":{"start":{"line":184,"column":0},"end":{"line":184,"column":32}},"184":{"start":{"line":185,"column":0},"end":{"line":185,"column":7}},"187":{"start":{"line":188,"column":0},"end":{"line":188,"column":32}},"188":{"start":{"line":189,"column":0},"end":{"line":189,"column":81}},"189":{"start":{"line":190,"column":0},"end":{"line":190,"column":7}},"190":{"start":{"line":191,"column":0},"end":{"line":191,"column":5}},"191":{"start":{"line":192,"column":0},"end":{"line":192,"column":3}},"196":{"start":{"line":197,"column":0},"end":{"line":197,"column":84}},"197":{"start":{"line":198,"column":0},"end":{"line":198,"column":52}},"198":{"start":{"line":199,"column":0},"end":{"line":199,"column":65}},"199":{"start":{"line":200,"column":0},"end":{"line":200,"column":66}},"202":{"start":{"line":203,"column":0},"end":{"line":203,"column":71}},"203":{"start":{"line":204,"column":0},"end":{"line":204,"column":91}},"205":{"start":{"line":206,"column":0},"end":{"line":206,"column":43}},"206":{"start":{"line":207,"column":0},"end":{"line":207,"column":28}},"207":{"start":{"line":208,"column":0},"end":{"line":208,"column":5}},"209":{"start":{"line":210,"column":0},"end":{"line":210,"column":29}},"210":{"start":{"line":211,"column":0},"end":{"line":211,"column":3}},"215":{"start":{"line":216,"column":0},"end":{"line":216,"column":72}},"216":{"start":{"line":217,"column":0},"end":{"line":217,"column":35}},"217":{"start":{"line":218,"column":0},"end":{"line":218,"column":15}},"218":{"start":{"line":219,"column":0},"end":{"line":219,"column":5}},"220":{"start":{"line":221,"column":0},"end":{"line":221,"column":36}},"222":{"start":{"line":223,"column":0},"end":{"line":223,"column":43}},"223":{"start":{"line":224,"column":0},"end":{"line":224,"column":30}},"224":{"start":{"line":225,"column":0},"end":{"line":225,"column":35}},"226":{"start":{"line":227,"column":0},"end":{"line":227,"column":45}},"227":{"start":{"line":228,"column":0},"end":{"line":228,"column":58}},"228":{"start":{"line":229,"column":0},"end":{"line":229,"column":57}},"230":{"start":{"line":231,"column":0},"end":{"line":231,"column":47}},"231":{"start":{"line":232,"column":0},"end":{"line":232,"column":5}},"234":{"start":{"line":235,"column":0},"end":{"line":235,"column":84}},"237":{"start":{"line":238,"column":0},"end":{"line":238,"column":53}},"238":{"start":{"line":239,"column":0},"end":{"line":239,"column":30}},"239":{"start":{"line":240,"column":0},"end":{"line":240,"column":3}},"244":{"start":{"line":245,"column":0},"end":{"line":245,"column":29}},"245":{"start":{"line":246,"column":0},"end":{"line":246,"column":23}},"246":{"start":{"line":247,"column":0},"end":{"line":247,"column":28}},"247":{"start":{"line":248,"column":0},"end":{"line":248,"column":23}},"248":{"start":{"line":249,"column":0},"end":{"line":249,"column":34}},"249":{"start":{"line":250,"column":0},"end":{"line":250,"column":13}},"250":{"start":{"line":251,"column":0},"end":{"line":251,"column":70}},"251":{"start":{"line":252,"column":0},"end":{"line":252,"column":80}},"253":{"start":{"line":254,"column":0},"end":{"line":254,"column":34}},"254":{"start":{"line":255,"column":0},"end":{"line":255,"column":74}},"255":{"start":{"line":256,"column":0},"end":{"line":256,"column":12}},"256":{"start":{"line":257,"column":0},"end":{"line":257,"column":74}},"257":{"start":{"line":258,"column":0},"end":{"line":258,"column":5}},"258":{"start":{"line":259,"column":0},"end":{"line":259,"column":3}},"263":{"start":{"line":264,"column":0},"end":{"line":264,"column":26}},"264":{"start":{"line":265,"column":0},"end":{"line":265,"column":28}},"265":{"start":{"line":266,"column":0},"end":{"line":266,"column":25}},"266":{"start":{"line":267,"column":0},"end":{"line":267,"column":26}},"271":{"start":{"line":272,"column":0},"end":{"line":272,"column":5}},"272":{"start":{"line":273,"column":0},"end":{"line":273,"column":50}},"273":{"start":{"line":274,"column":0},"end":{"line":274,"column":66}},"274":{"start":{"line":275,"column":0},"end":{"line":275,"column":67}},"277":{"start":{"line":278,"column":0},"end":{"line":278,"column":51}},"278":{"start":{"line":279,"column":0},"end":{"line":279,"column":45}},"280":{"start":{"line":281,"column":0},"end":{"line":281,"column":48}},"281":{"start":{"line":282,"column":0},"end":{"line":282,"column":66}},"283":{"start":{"line":284,"column":0},"end":{"line":284,"column":16}},"284":{"start":{"line":285,"column":0},"end":{"line":285,"column":27}},"285":{"start":{"line":286,"column":0},"end":{"line":286,"column":21}},"286":{"start":{"line":287,"column":0},"end":{"line":287,"column":33}},"287":{"start":{"line":288,"column":0},"end":{"line":288,"column":10}},"288":{"start":{"line":289,"column":0},"end":{"line":289,"column":7}},"289":{"start":{"line":290,"column":0},"end":{"line":290,"column":5}},"291":{"start":{"line":292,"column":0},"end":{"line":292,"column":12}},"292":{"start":{"line":293,"column":0},"end":{"line":293,"column":24}},"293":{"start":{"line":294,"column":0},"end":{"line":294,"column":20}},"294":{"start":{"line":295,"column":0},"end":{"line":295,"column":18}},"295":{"start":{"line":296,"column":0},"end":{"line":296,"column":6}},"296":{"start":{"line":297,"column":0},"end":{"line":297,"column":3}},"301":{"start":{"line":302,"column":0},"end":{"line":302,"column":36}},"302":{"start":{"line":303,"column":0},"end":{"line":303,"column":86}},"304":{"start":{"line":305,"column":0},"end":{"line":305,"column":47}},"305":{"start":{"line":306,"column":0},"end":{"line":306,"column":38}},"306":{"start":{"line":307,"column":0},"end":{"line":307,"column":5}},"307":{"start":{"line":308,"column":0},"end":{"line":308,"column":3}},"312":{"start":{"line":313,"column":0},"end":{"line":313,"column":28}},"313":{"start":{"line":314,"column":0},"end":{"line":314,"column":23}},"314":{"start":{"line":315,"column":0},"end":{"line":315,"column":25}},"315":{"start":{"line":316,"column":0},"end":{"line":316,"column":37}},"316":{"start":{"line":317,"column":0},"end":{"line":317,"column":3}},"321":{"start":{"line":322,"column":0},"end":{"line":322,"column":19}},"330":{"start":{"line":331,"column":0},"end":{"line":331,"column":5}},"331":{"start":{"line":332,"column":0},"end":{"line":332,"column":73}},"332":{"start":{"line":333,"column":0},"end":{"line":333,"column":68}},"333":{"start":{"line":334,"column":0},"end":{"line":334,"column":35}},"334":{"start":{"line":335,"column":0},"end":{"line":335,"column":10}},"336":{"start":{"line":337,"column":0},"end":{"line":337,"column":113}},"338":{"start":{"line":339,"column":0},"end":{"line":339,"column":12}},"339":{"start":{"line":340,"column":0},"end":{"line":340,"column":32}},"340":{"start":{"line":341,"column":0},"end":{"line":341,"column":36}},"341":{"start":{"line":342,"column":0},"end":{"line":342,"column":52}},"342":{"start":{"line":343,"column":0},"end":{"line":343,"column":47}},"343":{"start":{"line":344,"column":0},"end":{"line":344,"column":45}},"344":{"start":{"line":345,"column":0},"end":{"line":345,"column":42}},"345":{"start":{"line":346,"column":0},"end":{"line":346,"column":19}},"346":{"start":{"line":347,"column":0},"end":{"line":347,"column":19}},"347":{"start":{"line":348,"column":0},"end":{"line":348,"column":6}},"348":{"start":{"line":349,"column":0},"end":{"line":349,"column":3}},"353":{"start":{"line":354,"column":0},"end":{"line":354,"column":50}},"354":{"start":{"line":355,"column":0},"end":{"line":355,"column":37}},"355":{"start":{"line":356,"column":0},"end":{"line":356,"column":3}},"360":{"start":{"line":361,"column":0},"end":{"line":361,"column":47}},"361":{"start":{"line":362,"column":0},"end":{"line":362,"column":25}},"362":{"start":{"line":363,"column":0},"end":{"line":363,"column":3}},"367":{"start":{"line":368,"column":0},"end":{"line":368,"column":36}},"368":{"start":{"line":369,"column":0},"end":{"line":369,"column":74}},"369":{"start":{"line":370,"column":0},"end":{"line":370,"column":68}},"370":{"start":{"line":371,"column":0},"end":{"line":371,"column":35}},"371":{"start":{"line":372,"column":0},"end":{"line":372,"column":10}},"373":{"start":{"line":374,"column":0},"end":{"line":374,"column":86}},"375":{"start":{"line":376,"column":0},"end":{"line":376,"column":40}},"376":{"start":{"line":377,"column":0},"end":{"line":377,"column":3}},"381":{"start":{"line":382,"column":0},"end":{"line":382,"column":50}},"382":{"start":{"line":383,"column":0},"end":{"line":383,"column":36}},"383":{"start":{"line":384,"column":0},"end":{"line":384,"column":69}},"384":{"start":{"line":385,"column":0},"end":{"line":385,"column":3}},"389":{"start":{"line":390,"column":0},"end":{"line":390,"column":53}},"390":{"start":{"line":391,"column":0},"end":{"line":391,"column":57}},"391":{"start":{"line":392,"column":0},"end":{"line":392,"column":58}},"392":{"start":{"line":393,"column":0},"end":{"line":393,"column":3}},"393":{"start":{"line":394,"column":0},"end":{"line":394,"column":1}}},"s":{"2":1,"4":1,"5":1,"6":1,"7":1,"8":1,"10":1,"11":5,"12":5,"13":5,"14":5,"19":1,"20":2,"21":2,"22":2,"23":2,"24":2,"25":2,"26":0,"27":0,"30":2,"31":1,"32":1,"34":1,"35":1,"36":1,"38":2,"39":0,"40":0,"42":1,"44":1,"45":1,"46":1,"47":1,"48":2,"49":0,"50":0,"51":2,"52":0,"53":0,"54":2,"55":0,"56":2,"59":1,"60":1,"63":2,"64":0,"65":0,"67":1,"68":2,"73":1,"74":0,"75":0,"76":0,"77":0,"78":0,"79":0,"80":0,"82":0,"84":0,"87":0,"89":0,"90":0,"95":1,"100":0,"102":0,"103":0,"104":0,"105":0,"106":0,"107":0,"110":0,"111":0,"112":0,"114":0,"115":0,"116":0,"117":0,"118":0,"119":0,"122":0,"123":0,"126":0,"127":0,"128":0,"129":0,"130":0,"131":0,"134":0,"135":0,"137":0,"138":0,"139":0,"141":0,"142":0,"143":0,"144":0,"145":0,"146":0,"151":1,"152":3,"153":0,"154":0,"156":3,"157":2,"158":2,"160":1,"161":3,"166":1,"167":5,"168":5,"169":5,"174":1,"175":0,"176":0,"177":0,"178":0,"181":0,"182":0,"183":0,"184":0,"187":0,"188":0,"189":0,"190":0,"191":0,"196":1,"197":0,"198":0,"199":0,"202":0,"203":0,"205":0,"206":0,"207":0,"209":0,"210":0,"215":1,"216":1,"217":1,"218":1,"220":0,"222":0,"223":0,"224":0,"226":0,"227":0,"228":0,"230":0,"231":0,"234":0,"237":0,"238":0,"239":1,"244":1,"245":0,"246":0,"247":0,"248":0,"249":0,"250":0,"251":0,"253":0,"254":0,"255":0,"256":0,"257":0,"258":0,"263":1,"264":0,"265":0,"266":0,"271":0,"272":0,"273":0,"274":0,"277":0,"278":0,"280":0,"281":0,"283":0,"284":0,"285":0,"286":0,"287":0,"288":0,"289":0,"291":0,"292":0,"293":0,"294":0,"295":0,"296":0,"301":1,"302":0,"304":0,"305":0,"306":0,"307":0,"312":1,"313":5,"314":5,"315":5,"316":5,"321":1,"330":1,"331":1,"332":0,"333":0,"334":1,"336":1,"338":1,"339":1,"340":1,"341":1,"342":1,"343":1,"344":1,"345":1,"346":1,"347":1,"348":1,"353":1,"354":0,"355":0,"360":1,"361":0,"362":0,"367":1,"368":0,"369":0,"370":0,"371":0,"373":0,"375":0,"376":0,"381":1,"382":0,"383":0,"384":0,"389":1,"390":0,"391":0,"392":0,"393":1},"branchMap":{"0":{"type":"branch","line":11,"loc":{"start":{"line":11,"column":2},"end":{"line":15,"column":3}},"locations":[{"start":{"line":11,"column":2},"end":{"line":15,"column":3}}]},"1":{"type":"branch","line":20,"loc":{"start":{"line":20,"column":2},"end":{"line":69,"column":3}},"locations":[{"start":{"line":20,"column":2},"end":{"line":69,"column":3}}]},"2":{"type":"branch","line":26,"loc":{"start":{"line":26,"column":24},"end":{"line":28,"column":5}},"locations":[{"start":{"line":26,"column":24},"end":{"line":28,"column":5}}]},"3":{"type":"branch","line":31,"loc":{"start":{"line":31,"column":26},"end":{"line":39,"column":32}},"locations":[{"start":{"line":31,"column":26},"end":{"line":39,"column":32}}]},"4":{"type":"branch","line":39,"loc":{"start":{"line":39,"column":32},"end":{"line":41,"column":5}},"locations":[{"start":{"line":39,"column":32},"end":{"line":41,"column":5}}]},"5":{"type":"branch","line":41,"loc":{"start":{"line":41,"column":4},"end":{"line":48,"column":14}},"locations":[{"start":{"line":41,"column":4},"end":{"line":48,"column":14}}]},"6":{"type":"branch","line":49,"loc":{"start":{"line":49,"column":6},"end":{"line":51,"column":14}},"locations":[{"start":{"line":49,"column":6},"end":{"line":51,"column":14}}]},"7":{"type":"branch","line":52,"loc":{"start":{"line":52,"column":6},"end":{"line":54,"column":14}},"locations":[{"start":{"line":52,"column":6},"end":{"line":54,"column":14}}]},"8":{"type":"branch","line":55,"loc":{"start":{"line":55,"column":6},"end":{"line":56,"column":53}},"locations":[{"start":{"line":55,"column":6},"end":{"line":56,"column":53}}]},"9":{"type":"branch","line":57,"loc":{"start":{"line":57,"column":4},"end":{"line":64,"column":63}},"locations":[{"start":{"line":57,"column":4},"end":{"line":64,"column":63}}]},"10":{"type":"branch","line":64,"loc":{"start":{"line":64,"column":63},"end":{"line":66,"column":5}},"locations":[{"start":{"line":64,"column":63},"end":{"line":66,"column":5}}]},"11":{"type":"branch","line":66,"loc":{"start":{"line":66,"column":4},"end":{"line":68,"column":37}},"locations":[{"start":{"line":66,"column":4},"end":{"line":68,"column":37}}]},"12":{"type":"branch","line":152,"loc":{"start":{"line":152,"column":2},"end":{"line":162,"column":3}},"locations":[{"start":{"line":152,"column":2},"end":{"line":162,"column":3}}]},"13":{"type":"branch","line":153,"loc":{"start":{"line":153,"column":34},"end":{"line":155,"column":5}},"locations":[{"start":{"line":153,"column":34},"end":{"line":155,"column":5}}]},"14":{"type":"branch","line":157,"loc":{"start":{"line":157,"column":63},"end":{"line":159,"column":5}},"locations":[{"start":{"line":157,"column":63},"end":{"line":159,"column":5}}]},"15":{"type":"branch","line":159,"loc":{"start":{"line":159,"column":4},"end":{"line":161,"column":16}},"locations":[{"start":{"line":159,"column":4},"end":{"line":161,"column":16}}]},"16":{"type":"branch","line":167,"loc":{"start":{"line":167,"column":2},"end":{"line":170,"column":3}},"locations":[{"start":{"line":167,"column":2},"end":{"line":170,"column":3}}]},"17":{"type":"branch","line":216,"loc":{"start":{"line":216,"column":2},"end":{"line":240,"column":3}},"locations":[{"start":{"line":216,"column":2},"end":{"line":240,"column":3}}]},"18":{"type":"branch","line":219,"loc":{"start":{"line":219,"column":4},"end":{"line":239,"column":30}},"locations":[{"start":{"line":219,"column":4},"end":{"line":239,"column":30}}]},"19":{"type":"branch","line":313,"loc":{"start":{"line":313,"column":2},"end":{"line":317,"column":3}},"locations":[{"start":{"line":313,"column":2},"end":{"line":317,"column":3}}]},"20":{"type":"branch","line":322,"loc":{"start":{"line":322,"column":2},"end":{"line":349,"column":3}},"locations":[{"start":{"line":322,"column":2},"end":{"line":349,"column":3}}]}},"b":{"0":[5],"1":[2],"2":[0],"3":[1],"4":[0],"5":[1],"6":[0],"7":[0],"8":[0],"9":[1],"10":[0],"11":[1],"12":[3],"13":[0],"14":[2],"15":[1],"16":[5],"17":[1],"18":[0],"19":[5],"20":[1]},"fnMap":{"0":{"name":"RiskManager","decl":{"start":{"line":11,"column":2},"end":{"line":15,"column":3}},"loc":{"start":{"line":11,"column":2},"end":{"line":15,"column":3}},"line":11},"1":{"name":"calculatePositionSize","decl":{"start":{"line":20,"column":2},"end":{"line":69,"column":3}},"loc":{"start":{"line":20,"column":2},"end":{"line":69,"column":3}},"line":20},"2":{"name":"calculateKellyCriterion","decl":{"start":{"line":74,"column":10},"end":{"line":91,"column":3}},"loc":{"start":{"line":74,"column":10},"end":{"line":91,"column":3}},"line":74},"3":{"name":"validateSignal","decl":{"start":{"line":96,"column":2},"end":{"line":147,"column":3}},"loc":{"start":{"line":96,"column":2},"end":{"line":147,"column":3}},"line":96},"4":{"name":"canTrade","decl":{"start":{"line":152,"column":2},"end":{"line":162,"column":3}},"loc":{"start":{"line":152,"column":2},"end":{"line":162,"column":3}},"line":152},"5":{"name":"registerPosition","decl":{"start":{"line":167,"column":2},"end":{"line":170,"column":3}},"loc":{"start":{"line":167,"column":2},"end":{"line":170,"column":3}},"line":167},"6":{"name":"updatePosition","decl":{"start":{"line":175,"column":2},"end":{"line":192,"column":3}},"loc":{"start":{"line":175,"column":2},"end":{"line":192,"column":3}},"line":175},"7":{"name":"adjustStopLossToBreakEven","decl":{"start":{"line":197,"column":2},"end":{"line":211,"column":3}},"loc":{"start":{"line":197,"column":2},"end":{"line":211,"column":3}},"line":197},"8":{"name":"calculateVolatility","decl":{"start":{"line":216,"column":2},"end":{"line":240,"column":3}},"loc":{"start":{"line":216,"column":2},"end":{"line":240,"column":3}},"line":216},"9":{"name":"adjustStopLossByVolatility","decl":{"start":{"line":245,"column":2},"end":{"line":259,"column":3}},"loc":{"start":{"line":245,"column":2},"end":{"line":259,"column":3}},"line":245},"10":{"name":"shouldTakePartialProfit","decl":{"start":{"line":264,"column":2},"end":{"line":297,"column":3}},"loc":{"start":{"line":264,"column":2},"end":{"line":297,"column":3}},"line":264},"11":{"name":"checkDailyLimits","decl":{"start":{"line":302,"column":10},"end":{"line":308,"column":3}},"loc":{"start":{"line":302,"column":10},"end":{"line":308,"column":3}},"line":302},"12":{"name":"resetDailyLimits","decl":{"start":{"line":313,"column":2},"end":{"line":317,"column":3}},"loc":{"start":{"line":313,"column":2},"end":{"line":317,"column":3}},"line":313},"13":{"name":"getRiskStats","decl":{"start":{"line":322,"column":2},"end":{"line":349,"column":3}},"loc":{"start":{"line":322,"column":2},"end":{"line":349,"column":3}},"line":322},"14":{"name":"updateAccountBalance","decl":{"start":{"line":354,"column":2},"end":{"line":356,"column":3}},"loc":{"start":{"line":354,"column":2},"end":{"line":356,"column":3}},"line":354},"15":{"name":"setRiskConfig","decl":{"start":{"line":361,"column":2},"end":{"line":363,"column":3}},"loc":{"start":{"line":361,"column":2},"end":{"line":363,"column":3}},"line":361},"16":{"name":"validateTotalExposure","decl":{"start":{"line":368,"column":2},"end":{"line":377,"column":3}},"loc":{"start":{"line":368,"column":2},"end":{"line":377,"column":3}},"line":368},"17":{"name":"calculateDrawdown","decl":{"start":{"line":382,"column":2},"end":{"line":385,"column":3}},"loc":{"start":{"line":382,"column":2},"end":{"line":385,"column":3}},"line":382},"18":{"name":"checkProtectionStop","decl":{"start":{"line":390,"column":2},"end":{"line":393,"column":3}},"loc":{"start":{"line":390,"column":2},"end":{"line":393,"column":3}},"line":390}},"f":{"0":5,"1":2,"2":0,"3":0,"4":3,"5":5,"6":0,"7":0,"8":1,"9":0,"10":0,"11":0,"12":5,"13":1,"14":0,"15":0,"16":0,"17":0,"18":0}}
,"V:\\development\\robo_cripto\\backend\\api\\services\\smcAnalyzer.ts": {"path":"V:\\development\\robo_cripto\\backend\\api\\services\\smcAnalyzer.ts","all":false,"statementMap":{"2":{"start":{"line":3,"column":0},"end":{"line":3,"column":26}},"3":{"start":{"line":4,"column":0},"end":{"line":4,"column":45}},"4":{"start":{"line":5,"column":0},"end":{"line":5,"column":46}},"5":{"start":{"line":6,"column":0},"end":{"line":6,"column":57}},"7":{"start":{"line":8,"column":0},"end":{"line":8,"column":24}},"11":{"start":{"line":12,"column":0},"end":{"line":12,"column":6}},"12":{"start":{"line":13,"column":0},"end":{"line":13,"column":17}},"13":{"start":{"line":14,"column":0},"end":{"line":14,"column":91}},"14":{"start":{"line":15,"column":0},"end":{"line":15,"column":94}},"15":{"start":{"line":16,"column":0},"end":{"line":16,"column":61}},"16":{"start":{"line":17,"column":0},"end":{"line":17,"column":5}},"17":{"start":{"line":18,"column":0},"end":{"line":18,"column":3}},"22":{"start":{"line":23,"column":0},"end":{"line":23,"column":44}},"23":{"start":{"line":24,"column":0},"end":{"line":24,"column":59}},"24":{"start":{"line":25,"column":0},"end":{"line":25,"column":53}},"25":{"start":{"line":26,"column":0},"end":{"line":26,"column":57}},"26":{"start":{"line":27,"column":0},"end":{"line":27,"column":63}},"27":{"start":{"line":28,"column":0},"end":{"line":28,"column":63}},"28":{"start":{"line":29,"column":0},"end":{"line":29,"column":65}},"30":{"start":{"line":31,"column":0},"end":{"line":31,"column":12}},"31":{"start":{"line":32,"column":0},"end":{"line":32,"column":21}},"32":{"start":{"line":33,"column":0},"end":{"line":33,"column":18}},"33":{"start":{"line":34,"column":0},"end":{"line":34,"column":20}},"34":{"start":{"line":35,"column":0},"end":{"line":35,"column":23}},"35":{"start":{"line":36,"column":0},"end":{"line":36,"column":23}},"36":{"start":{"line":37,"column":0},"end":{"line":37,"column":23}},"37":{"start":{"line":38,"column":0},"end":{"line":38,"column":6}},"38":{"start":{"line":39,"column":0},"end":{"line":39,"column":3}},"43":{"start":{"line":44,"column":0},"end":{"line":44,"column":69}},"44":{"start":{"line":45,"column":0},"end":{"line":45,"column":38}},"45":{"start":{"line":46,"column":0},"end":{"line":46,"column":51}},"47":{"start":{"line":48,"column":0},"end":{"line":48,"column":34}},"48":{"start":{"line":49,"column":0},"end":{"line":49,"column":86}},"50":{"start":{"line":51,"column":0},"end":{"line":51,"column":50}},"51":{"start":{"line":52,"column":0},"end":{"line":52,"column":20}},"52":{"start":{"line":53,"column":0},"end":{"line":53,"column":55}},"53":{"start":{"line":54,"column":0},"end":{"line":54,"column":29}},"54":{"start":{"line":55,"column":0},"end":{"line":55,"column":19}},"55":{"start":{"line":56,"column":0},"end":{"line":56,"column":48}},"56":{"start":{"line":57,"column":0},"end":{"line":57,"column":11}},"57":{"start":{"line":58,"column":0},"end":{"line":58,"column":7}},"58":{"start":{"line":59,"column":0},"end":{"line":59,"column":7}},"60":{"start":{"line":61,"column":0},"end":{"line":61,"column":17}},"61":{"start":{"line":62,"column":0},"end":{"line":62,"column":3}},"66":{"start":{"line":67,"column":0},"end":{"line":67,"column":63}},"67":{"start":{"line":68,"column":0},"end":{"line":68,"column":36}},"69":{"start":{"line":70,"column":0},"end":{"line":70,"column":43}},"70":{"start":{"line":71,"column":0},"end":{"line":71,"column":32}},"71":{"start":{"line":72,"column":0},"end":{"line":72,"column":32}},"72":{"start":{"line":73,"column":0},"end":{"line":73,"column":30}},"75":{"start":{"line":76,"column":0},"end":{"line":76,"column":60}},"76":{"start":{"line":77,"column":0},"end":{"line":77,"column":21}},"77":{"start":{"line":78,"column":0},"end":{"line":78,"column":26}},"78":{"start":{"line":79,"column":0},"end":{"line":79,"column":27}},"79":{"start":{"line":80,"column":0},"end":{"line":80,"column":37}},"80":{"start":{"line":81,"column":0},"end":{"line":81,"column":35}},"81":{"start":{"line":82,"column":0},"end":{"line":82,"column":69}},"82":{"start":{"line":83,"column":0},"end":{"line":83,"column":26}},"83":{"start":{"line":84,"column":0},"end":{"line":84,"column":11}},"84":{"start":{"line":85,"column":0},"end":{"line":85,"column":7}},"87":{"start":{"line":88,"column":0},"end":{"line":88,"column":60}},"88":{"start":{"line":89,"column":0},"end":{"line":89,"column":21}},"89":{"start":{"line":90,"column":0},"end":{"line":90,"column":26}},"90":{"start":{"line":91,"column":0},"end":{"line":91,"column":28}},"91":{"start":{"line":92,"column":0},"end":{"line":92,"column":37}},"92":{"start":{"line":93,"column":0},"end":{"line":93,"column":35}},"93":{"start":{"line":94,"column":0},"end":{"line":94,"column":69}},"94":{"start":{"line":95,"column":0},"end":{"line":95,"column":26}},"95":{"start":{"line":96,"column":0},"end":{"line":96,"column":11}},"96":{"start":{"line":97,"column":0},"end":{"line":97,"column":7}},"97":{"start":{"line":98,"column":0},"end":{"line":98,"column":5}},"99":{"start":{"line":100,"column":0},"end":{"line":100,"column":18}},"100":{"start":{"line":101,"column":0},"end":{"line":101,"column":3}},"105":{"start":{"line":106,"column":0},"end":{"line":106,"column":67}},"106":{"start":{"line":107,"column":0},"end":{"line":107,"column":36}},"108":{"start":{"line":109,"column":0},"end":{"line":109,"column":43}},"109":{"start":{"line":110,"column":0},"end":{"line":110,"column":32}},"110":{"start":{"line":111,"column":0},"end":{"line":111,"column":32}},"113":{"start":{"line":114,"column":0},"end":{"line":114,"column":35}},"114":{"start":{"line":115,"column":0},"end":{"line":115,"column":62}},"116":{"start":{"line":117,"column":0},"end":{"line":117,"column":41}},"117":{"start":{"line":118,"column":0},"end":{"line":118,"column":21}},"118":{"start":{"line":119,"column":0},"end":{"line":119,"column":27}},"119":{"start":{"line":120,"column":0},"end":{"line":120,"column":31}},"120":{"start":{"line":121,"column":0},"end":{"line":121,"column":51}},"121":{"start":{"line":122,"column":0},"end":{"line":122,"column":39}},"122":{"start":{"line":123,"column":0},"end":{"line":123,"column":25}},"123":{"start":{"line":124,"column":0},"end":{"line":124,"column":13}},"124":{"start":{"line":125,"column":0},"end":{"line":125,"column":9}},"125":{"start":{"line":126,"column":0},"end":{"line":126,"column":7}},"128":{"start":{"line":129,"column":0},"end":{"line":129,"column":35}},"129":{"start":{"line":130,"column":0},"end":{"line":130,"column":62}},"131":{"start":{"line":132,"column":0},"end":{"line":132,"column":41}},"132":{"start":{"line":133,"column":0},"end":{"line":133,"column":21}},"133":{"start":{"line":134,"column":0},"end":{"line":134,"column":27}},"134":{"start":{"line":135,"column":0},"end":{"line":135,"column":31}},"135":{"start":{"line":136,"column":0},"end":{"line":136,"column":51}},"136":{"start":{"line":137,"column":0},"end":{"line":137,"column":39}},"137":{"start":{"line":138,"column":0},"end":{"line":138,"column":25}},"138":{"start":{"line":139,"column":0},"end":{"line":139,"column":13}},"139":{"start":{"line":140,"column":0},"end":{"line":140,"column":9}},"140":{"start":{"line":141,"column":0},"end":{"line":141,"column":7}},"141":{"start":{"line":142,"column":0},"end":{"line":142,"column":5}},"143":{"start":{"line":144,"column":0},"end":{"line":144,"column":16}},"144":{"start":{"line":145,"column":0},"end":{"line":145,"column":3}},"149":{"start":{"line":150,"column":0},"end":{"line":150,"column":73}},"150":{"start":{"line":151,"column":0},"end":{"line":151,"column":45}},"151":{"start":{"line":152,"column":0},"end":{"line":152,"column":51}},"153":{"start":{"line":154,"column":0},"end":{"line":154,"column":50}},"154":{"start":{"line":155,"column":0},"end":{"line":155,"column":37}},"155":{"start":{"line":156,"column":0},"end":{"line":156,"column":42}},"157":{"start":{"line":158,"column":0},"end":{"line":158,"column":36}},"158":{"start":{"line":159,"column":0},"end":{"line":159,"column":45}},"159":{"start":{"line":160,"column":0},"end":{"line":160,"column":27}},"160":{"start":{"line":161,"column":0},"end":{"line":161,"column":23}},"161":{"start":{"line":162,"column":0},"end":{"line":162,"column":33}},"162":{"start":{"line":163,"column":0},"end":{"line":163,"column":53}},"163":{"start":{"line":164,"column":0},"end":{"line":164,"column":32}},"164":{"start":{"line":165,"column":0},"end":{"line":165,"column":13}},"165":{"start":{"line":166,"column":0},"end":{"line":166,"column":16}},"166":{"start":{"line":167,"column":0},"end":{"line":167,"column":27}},"167":{"start":{"line":168,"column":0},"end":{"line":168,"column":23}},"168":{"start":{"line":169,"column":0},"end":{"line":169,"column":33}},"169":{"start":{"line":170,"column":0},"end":{"line":170,"column":53}},"170":{"start":{"line":171,"column":0},"end":{"line":171,"column":32}},"171":{"start":{"line":172,"column":0},"end":{"line":172,"column":13}},"172":{"start":{"line":173,"column":0},"end":{"line":173,"column":9}},"173":{"start":{"line":174,"column":0},"end":{"line":174,"column":14}},"174":{"start":{"line":175,"column":0},"end":{"line":175,"column":45}},"175":{"start":{"line":176,"column":0},"end":{"line":176,"column":27}},"176":{"start":{"line":177,"column":0},"end":{"line":177,"column":23}},"177":{"start":{"line":178,"column":0},"end":{"line":178,"column":33}},"178":{"start":{"line":179,"column":0},"end":{"line":179,"column":53}},"179":{"start":{"line":180,"column":0},"end":{"line":180,"column":32}},"180":{"start":{"line":181,"column":0},"end":{"line":181,"column":13}},"181":{"start":{"line":182,"column":0},"end":{"line":182,"column":16}},"182":{"start":{"line":183,"column":0},"end":{"line":183,"column":27}},"183":{"start":{"line":184,"column":0},"end":{"line":184,"column":23}},"184":{"start":{"line":185,"column":0},"end":{"line":185,"column":33}},"185":{"start":{"line":186,"column":0},"end":{"line":186,"column":53}},"186":{"start":{"line":187,"column":0},"end":{"line":187,"column":32}},"187":{"start":{"line":188,"column":0},"end":{"line":188,"column":13}},"188":{"start":{"line":189,"column":0},"end":{"line":189,"column":9}},"189":{"start":{"line":190,"column":0},"end":{"line":190,"column":7}},"190":{"start":{"line":191,"column":0},"end":{"line":191,"column":5}},"193":{"start":{"line":194,"column":0},"end":{"line":194,"column":56}},"194":{"start":{"line":195,"column":0},"end":{"line":195,"column":40}},"195":{"start":{"line":196,"column":0},"end":{"line":196,"column":3}},"200":{"start":{"line":201,"column":0},"end":{"line":201,"column":79}},"201":{"start":{"line":202,"column":0},"end":{"line":202,"column":43}},"202":{"start":{"line":203,"column":0},"end":{"line":203,"column":21}},"203":{"start":{"line":204,"column":0},"end":{"line":204,"column":27}},"204":{"start":{"line":205,"column":0},"end":{"line":205,"column":59}},"206":{"start":{"line":207,"column":0},"end":{"line":207,"column":37}},"207":{"start":{"line":208,"column":0},"end":{"line":208,"column":67}},"208":{"start":{"line":209,"column":0},"end":{"line":209,"column":23}},"209":{"start":{"line":210,"column":0},"end":{"line":210,"column":24}},"210":{"start":{"line":211,"column":0},"end":{"line":211,"column":33}},"211":{"start":{"line":212,"column":0},"end":{"line":212,"column":41}},"212":{"start":{"line":213,"column":0},"end":{"line":213,"column":40}},"213":{"start":{"line":214,"column":0},"end":{"line":214,"column":11}},"214":{"start":{"line":215,"column":0},"end":{"line":215,"column":7}},"215":{"start":{"line":216,"column":0},"end":{"line":216,"column":36}},"216":{"start":{"line":217,"column":0},"end":{"line":217,"column":41}},"217":{"start":{"line":218,"column":0},"end":{"line":218,"column":44}},"218":{"start":{"line":219,"column":0},"end":{"line":219,"column":27}},"219":{"start":{"line":220,"column":0},"end":{"line":220,"column":28}},"220":{"start":{"line":221,"column":0},"end":{"line":221,"column":37}},"221":{"start":{"line":222,"column":0},"end":{"line":222,"column":45}},"222":{"start":{"line":223,"column":0},"end":{"line":223,"column":34}},"223":{"start":{"line":224,"column":0},"end":{"line":224,"column":15}},"224":{"start":{"line":225,"column":0},"end":{"line":225,"column":11}},"225":{"start":{"line":226,"column":0},"end":{"line":226,"column":25}},"226":{"start":{"line":227,"column":0},"end":{"line":227,"column":24}},"227":{"start":{"line":228,"column":0},"end":{"line":228,"column":35}},"228":{"start":{"line":229,"column":0},"end":{"line":229,"column":43}},"229":{"start":{"line":230,"column":0},"end":{"line":230,"column":32}},"230":{"start":{"line":231,"column":0},"end":{"line":231,"column":13}},"231":{"start":{"line":232,"column":0},"end":{"line":232,"column":9}},"232":{"start":{"line":233,"column":0},"end":{"line":233,"column":35}},"233":{"start":{"line":234,"column":0},"end":{"line":234,"column":34}},"234":{"start":{"line":235,"column":0},"end":{"line":235,"column":43}},"235":{"start":{"line":236,"column":0},"end":{"line":236,"column":40}},"236":{"start":{"line":237,"column":0},"end":{"line":237,"column":44}},"237":{"start":{"line":238,"column":0},"end":{"line":238,"column":27}},"238":{"start":{"line":239,"column":0},"end":{"line":239,"column":28}},"239":{"start":{"line":240,"column":0},"end":{"line":240,"column":37}},"240":{"start":{"line":241,"column":0},"end":{"line":241,"column":45}},"241":{"start":{"line":242,"column":0},"end":{"line":242,"column":34}},"242":{"start":{"line":243,"column":0},"end":{"line":243,"column":15}},"243":{"start":{"line":244,"column":0},"end":{"line":244,"column":11}},"244":{"start":{"line":245,"column":0},"end":{"line":245,"column":25}},"245":{"start":{"line":246,"column":0},"end":{"line":246,"column":24}},"246":{"start":{"line":247,"column":0},"end":{"line":247,"column":35}},"247":{"start":{"line":248,"column":0},"end":{"line":248,"column":43}},"248":{"start":{"line":249,"column":0},"end":{"line":249,"column":32}},"249":{"start":{"line":250,"column":0},"end":{"line":250,"column":13}},"250":{"start":{"line":251,"column":0},"end":{"line":251,"column":9}},"251":{"start":{"line":252,"column":0},"end":{"line":252,"column":34}},"252":{"start":{"line":253,"column":0},"end":{"line":253,"column":34}},"253":{"start":{"line":254,"column":0},"end":{"line":254,"column":14}},"254":{"start":{"line":255,"column":0},"end":{"line":255,"column":44}},"255":{"start":{"line":256,"column":0},"end":{"line":256,"column":7}},"256":{"start":{"line":257,"column":0},"end":{"line":257,"column":7}},"258":{"start":{"line":259,"column":0},"end":{"line":259,"column":20}},"259":{"start":{"line":260,"column":0},"end":{"line":260,"column":3}},"264":{"start":{"line":265,"column":0},"end":{"line":265,"column":110}},"265":{"start":{"line":266,"column":0},"end":{"line":266,"column":85}},"266":{"start":{"line":267,"column":0},"end":{"line":267,"column":56}},"268":{"start":{"line":269,"column":0},"end":{"line":269,"column":57}},"269":{"start":{"line":270,"column":0},"end":{"line":270,"column":30}},"270":{"start":{"line":271,"column":0},"end":{"line":271,"column":55}},"271":{"start":{"line":272,"column":0},"end":{"line":272,"column":53}},"273":{"start":{"line":274,"column":0},"end":{"line":274,"column":19}},"274":{"start":{"line":275,"column":0},"end":{"line":275,"column":69}},"275":{"start":{"line":276,"column":0},"end":{"line":276,"column":25}},"276":{"start":{"line":277,"column":0},"end":{"line":277,"column":67}},"277":{"start":{"line":278,"column":0},"end":{"line":278,"column":7}},"278":{"start":{"line":279,"column":0},"end":{"line":279,"column":5}},"280":{"start":{"line":281,"column":0},"end":{"line":281,"column":18}},"281":{"start":{"line":282,"column":0},"end":{"line":282,"column":3}},"286":{"start":{"line":287,"column":0},"end":{"line":287,"column":83}},"287":{"start":{"line":288,"column":0},"end":{"line":288,"column":32}},"288":{"start":{"line":289,"column":0},"end":{"line":289,"column":39}},"289":{"start":{"line":290,"column":0},"end":{"line":290,"column":89}},"290":{"start":{"line":291,"column":0},"end":{"line":291,"column":21}},"291":{"start":{"line":292,"column":0},"end":{"line":292,"column":7}},"292":{"start":{"line":293,"column":0},"end":{"line":293,"column":5}},"293":{"start":{"line":294,"column":0},"end":{"line":294,"column":16}},"294":{"start":{"line":295,"column":0},"end":{"line":295,"column":3}},"299":{"start":{"line":300,"column":0},"end":{"line":300,"column":82}},"300":{"start":{"line":301,"column":0},"end":{"line":301,"column":32}},"301":{"start":{"line":302,"column":0},"end":{"line":302,"column":39}},"302":{"start":{"line":303,"column":0},"end":{"line":303,"column":85}},"303":{"start":{"line":304,"column":0},"end":{"line":304,"column":21}},"304":{"start":{"line":305,"column":0},"end":{"line":305,"column":7}},"305":{"start":{"line":306,"column":0},"end":{"line":306,"column":5}},"306":{"start":{"line":307,"column":0},"end":{"line":307,"column":16}},"307":{"start":{"line":308,"column":0},"end":{"line":308,"column":3}},"312":{"start":{"line":313,"column":0},"end":{"line":313,"column":64}},"313":{"start":{"line":314,"column":0},"end":{"line":314,"column":31}},"314":{"start":{"line":315,"column":0},"end":{"line":315,"column":42}},"315":{"start":{"line":316,"column":0},"end":{"line":316,"column":43}},"317":{"start":{"line":318,"column":0},"end":{"line":318,"column":34}},"318":{"start":{"line":319,"column":0},"end":{"line":319,"column":30}},"319":{"start":{"line":320,"column":0},"end":{"line":320,"column":7}},"321":{"start":{"line":322,"column":0},"end":{"line":322,"column":72}},"322":{"start":{"line":323,"column":0},"end":{"line":323,"column":3}},"327":{"start":{"line":328,"column":0},"end":{"line":328,"column":65}},"328":{"start":{"line":329,"column":0},"end":{"line":329,"column":30}},"329":{"start":{"line":330,"column":0},"end":{"line":330,"column":42}},"330":{"start":{"line":331,"column":0},"end":{"line":331,"column":43}},"332":{"start":{"line":333,"column":0},"end":{"line":333,"column":34}},"333":{"start":{"line":334,"column":0},"end":{"line":334,"column":28}},"334":{"start":{"line":335,"column":0},"end":{"line":335,"column":7}},"336":{"start":{"line":337,"column":0},"end":{"line":337,"column":71}},"337":{"start":{"line":338,"column":0},"end":{"line":338,"column":3}},"342":{"start":{"line":343,"column":0},"end":{"line":343,"column":99}},"344":{"start":{"line":345,"column":0},"end":{"line":345,"column":54}},"345":{"start":{"line":346,"column":0},"end":{"line":346,"column":86}},"348":{"start":{"line":349,"column":0},"end":{"line":349,"column":49}},"350":{"start":{"line":351,"column":0},"end":{"line":351,"column":38}},"351":{"start":{"line":352,"column":0},"end":{"line":352,"column":3}},"356":{"start":{"line":357,"column":0},"end":{"line":357,"column":99}},"358":{"start":{"line":359,"column":0},"end":{"line":359,"column":54}},"359":{"start":{"line":360,"column":0},"end":{"line":360,"column":86}},"362":{"start":{"line":363,"column":0},"end":{"line":363,"column":49}},"364":{"start":{"line":365,"column":0},"end":{"line":365,"column":38}},"365":{"start":{"line":366,"column":0},"end":{"line":366,"column":3}},"370":{"start":{"line":371,"column":0},"end":{"line":371,"column":103}},"371":{"start":{"line":372,"column":0},"end":{"line":372,"column":32}},"372":{"start":{"line":373,"column":0},"end":{"line":373,"column":24}},"373":{"start":{"line":374,"column":0},"end":{"line":374,"column":20}},"374":{"start":{"line":375,"column":0},"end":{"line":375,"column":23}},"376":{"start":{"line":377,"column":0},"end":{"line":377,"column":65}},"377":{"start":{"line":378,"column":0},"end":{"line":378,"column":29}},"378":{"start":{"line":379,"column":0},"end":{"line":379,"column":28}},"379":{"start":{"line":380,"column":0},"end":{"line":380,"column":59}},"380":{"start":{"line":381,"column":0},"end":{"line":381,"column":92}},"381":{"start":{"line":382,"column":0},"end":{"line":382,"column":14}},"382":{"start":{"line":383,"column":0},"end":{"line":383,"column":57}},"383":{"start":{"line":384,"column":0},"end":{"line":384,"column":90}},"384":{"start":{"line":385,"column":0},"end":{"line":385,"column":7}},"385":{"start":{"line":386,"column":0},"end":{"line":386,"column":5}},"387":{"start":{"line":388,"column":0},"end":{"line":388,"column":62}},"388":{"start":{"line":389,"column":0},"end":{"line":389,"column":3}},"393":{"start":{"line":394,"column":0},"end":{"line":394,"column":99}},"394":{"start":{"line":395,"column":0},"end":{"line":395,"column":68}},"395":{"start":{"line":396,"column":0},"end":{"line":396,"column":58}},"396":{"start":{"line":397,"column":0},"end":{"line":397,"column":44}},"399":{"start":{"line":400,"column":0},"end":{"line":400,"column":89}},"401":{"start":{"line":402,"column":0},"end":{"line":402,"column":33}},"402":{"start":{"line":403,"column":0},"end":{"line":403,"column":3}},"407":{"start":{"line":408,"column":0},"end":{"line":408,"column":100}},"408":{"start":{"line":409,"column":0},"end":{"line":409,"column":40}},"411":{"start":{"line":412,"column":0},"end":{"line":412,"column":66}},"412":{"start":{"line":413,"column":0},"end":{"line":413,"column":20}},"413":{"start":{"line":414,"column":0},"end":{"line":414,"column":20}},"414":{"start":{"line":415,"column":0},"end":{"line":415,"column":21}},"415":{"start":{"line":416,"column":0},"end":{"line":416,"column":17}},"416":{"start":{"line":417,"column":0},"end":{"line":417,"column":9}},"417":{"start":{"line":418,"column":0},"end":{"line":418,"column":5}},"420":{"start":{"line":421,"column":0},"end":{"line":421,"column":68}},"421":{"start":{"line":422,"column":0},"end":{"line":422,"column":21}},"422":{"start":{"line":423,"column":0},"end":{"line":423,"column":20}},"423":{"start":{"line":424,"column":0},"end":{"line":424,"column":22}},"424":{"start":{"line":425,"column":0},"end":{"line":425,"column":17}},"425":{"start":{"line":426,"column":0},"end":{"line":426,"column":9}},"426":{"start":{"line":427,"column":0},"end":{"line":427,"column":5}},"428":{"start":{"line":429,"column":0},"end":{"line":429,"column":19}},"429":{"start":{"line":430,"column":0},"end":{"line":430,"column":3}},"431":{"start":{"line":432,"column":0},"end":{"line":432,"column":67}},"432":{"start":{"line":433,"column":0},"end":{"line":433,"column":46}},"433":{"start":{"line":434,"column":0},"end":{"line":434,"column":3}},"438":{"start":{"line":439,"column":0},"end":{"line":439,"column":93}},"440":{"start":{"line":441,"column":0},"end":{"line":441,"column":62}},"441":{"start":{"line":442,"column":0},"end":{"line":442,"column":29}},"442":{"start":{"line":443,"column":0},"end":{"line":443,"column":82}},"443":{"start":{"line":444,"column":0},"end":{"line":444,"column":48}},"444":{"start":{"line":445,"column":0},"end":{"line":445,"column":6}},"446":{"start":{"line":447,"column":0},"end":{"line":447,"column":35}},"449":{"start":{"line":450,"column":0},"end":{"line":450,"column":57}},"450":{"start":{"line":451,"column":0},"end":{"line":451,"column":33}},"451":{"start":{"line":452,"column":0},"end":{"line":452,"column":25}},"452":{"start":{"line":453,"column":0},"end":{"line":453,"column":86}},"453":{"start":{"line":454,"column":0},"end":{"line":454,"column":50}},"454":{"start":{"line":455,"column":0},"end":{"line":455,"column":6}},"456":{"start":{"line":457,"column":0},"end":{"line":457,"column":32}},"459":{"start":{"line":460,"column":0},"end":{"line":460,"column":72}},"460":{"start":{"line":461,"column":0},"end":{"line":461,"column":56}},"461":{"start":{"line":462,"column":0},"end":{"line":462,"column":56}},"463":{"start":{"line":464,"column":0},"end":{"line":464,"column":12}},"464":{"start":{"line":465,"column":0},"end":{"line":465,"column":18}},"465":{"start":{"line":466,"column":0},"end":{"line":466,"column":31}},"466":{"start":{"line":467,"column":0},"end":{"line":467,"column":15}},"467":{"start":{"line":468,"column":0},"end":{"line":468,"column":45}},"468":{"start":{"line":469,"column":0},"end":{"line":469,"column":80}},"469":{"start":{"line":470,"column":0},"end":{"line":470,"column":53}},"470":{"start":{"line":471,"column":0},"end":{"line":471,"column":28}},"471":{"start":{"line":472,"column":0},"end":{"line":472,"column":21}},"472":{"start":{"line":473,"column":0},"end":{"line":473,"column":6}},"473":{"start":{"line":474,"column":0},"end":{"line":474,"column":3}},"478":{"start":{"line":479,"column":0},"end":{"line":479,"column":94}},"480":{"start":{"line":481,"column":0},"end":{"line":481,"column":63}},"481":{"start":{"line":482,"column":0},"end":{"line":482,"column":30}},"482":{"start":{"line":483,"column":0},"end":{"line":483,"column":82}},"483":{"start":{"line":484,"column":0},"end":{"line":484,"column":48}},"484":{"start":{"line":485,"column":0},"end":{"line":485,"column":6}},"486":{"start":{"line":487,"column":0},"end":{"line":487,"column":36}},"489":{"start":{"line":490,"column":0},"end":{"line":490,"column":57}},"490":{"start":{"line":491,"column":0},"end":{"line":491,"column":33}},"491":{"start":{"line":492,"column":0},"end":{"line":492,"column":25}},"492":{"start":{"line":493,"column":0},"end":{"line":493,"column":86}},"493":{"start":{"line":494,"column":0},"end":{"line":494,"column":50}},"494":{"start":{"line":495,"column":0},"end":{"line":495,"column":6}},"496":{"start":{"line":497,"column":0},"end":{"line":497,"column":32}},"499":{"start":{"line":500,"column":0},"end":{"line":500,"column":72}},"500":{"start":{"line":501,"column":0},"end":{"line":501,"column":57}},"501":{"start":{"line":502,"column":0},"end":{"line":502,"column":57}},"503":{"start":{"line":504,"column":0},"end":{"line":504,"column":12}},"504":{"start":{"line":505,"column":0},"end":{"line":505,"column":19}},"505":{"start":{"line":506,"column":0},"end":{"line":506,"column":31}},"506":{"start":{"line":507,"column":0},"end":{"line":507,"column":15}},"507":{"start":{"line":508,"column":0},"end":{"line":508,"column":45}},"508":{"start":{"line":509,"column":0},"end":{"line":509,"column":81}},"509":{"start":{"line":510,"column":0},"end":{"line":510,"column":53}},"510":{"start":{"line":511,"column":0},"end":{"line":511,"column":28}},"511":{"start":{"line":512,"column":0},"end":{"line":512,"column":21}},"512":{"start":{"line":513,"column":0},"end":{"line":513,"column":6}},"513":{"start":{"line":514,"column":0},"end":{"line":514,"column":3}},"514":{"start":{"line":515,"column":0},"end":{"line":515,"column":1}}},"s":{"2":1,"3":1,"4":1,"5":1,"7":1,"11":8,"12":8,"13":4,"14":4,"15":4,"16":4,"17":8,"22":1,"23":3,"24":3,"25":3,"26":3,"27":3,"28":3,"30":3,"31":3,"32":3,"33":3,"34":3,"35":3,"36":3,"37":3,"38":3,"43":1,"44":3,"45":3,"47":3,"48":2,"50":2,"51":0,"52":0,"53":0,"54":0,"55":0,"56":0,"57":0,"58":3,"60":3,"61":3,"66":1,"67":3,"69":3,"70":25,"71":25,"72":25,"75":25,"76":1,"77":1,"78":1,"79":1,"80":1,"81":1,"82":1,"83":1,"84":1,"87":25,"88":1,"89":1,"90":1,"91":1,"92":1,"93":1,"94":1,"95":1,"96":1,"97":25,"99":3,"100":3,"105":1,"106":3,"108":3,"109":25,"110":25,"113":25,"114":0,"116":0,"117":0,"118":0,"119":0,"120":0,"121":0,"122":0,"123":0,"124":0,"125":0,"128":25,"129":1,"131":1,"132":1,"133":1,"134":1,"135":1,"136":1,"137":1,"138":1,"139":1,"140":1,"141":25,"143":3,"144":3,"149":1,"150":3,"151":3,"153":3,"154":1,"155":1,"157":1,"158":0,"159":0,"160":0,"161":0,"162":0,"163":0,"164":0,"165":0,"166":0,"167":0,"168":0,"169":0,"170":0,"171":0,"172":0,"173":1,"174":1,"175":1,"176":1,"177":1,"178":1,"179":1,"180":1,"181":1,"182":0,"183":0,"184":0,"185":0,"186":0,"187":0,"188":0,"189":1,"190":1,"193":3,"194":3,"195":3,"200":1,"201":4,"202":4,"203":4,"204":4,"206":4,"207":6,"208":2,"209":2,"210":2,"211":2,"212":2,"213":2,"214":2,"215":6,"216":2,"217":2,"218":1,"219":1,"220":1,"221":1,"222":1,"223":1,"224":1,"225":2,"226":2,"227":2,"228":2,"229":2,"230":2,"231":2,"232":2,"233":2,"234":6,"235":2,"236":2,"237":1,"238":1,"239":1,"240":1,"241":1,"242":1,"243":1,"244":2,"245":2,"246":2,"247":2,"248":2,"249":2,"250":2,"251":2,"252":2,"253":2,"254":2,"255":2,"256":4,"258":4,"259":4,"264":1,"265":6,"266":6,"268":6,"269":24,"270":24,"271":24,"273":24,"274":2,"275":24,"276":2,"277":2,"278":24,"280":6,"281":6,"286":1,"287":24,"288":24,"289":32,"290":22,"291":22,"292":32,"293":2,"294":24,"299":1,"300":24,"301":24,"302":32,"303":22,"304":22,"305":32,"306":2,"307":24,"312":1,"313":3,"314":3,"315":3,"317":3,"318":29,"319":3,"321":3,"322":3,"327":1,"328":3,"329":3,"330":3,"332":3,"333":29,"334":3,"336":3,"337":3,"342":1,"344":25,"345":2,"348":25,"350":25,"351":25,"356":1,"358":25,"359":4,"362":25,"364":25,"365":25,"370":1,"371":2,"372":2,"373":2,"374":2,"376":2,"377":17,"378":17,"379":7,"380":7,"381":17,"382":10,"383":10,"384":10,"385":17,"387":2,"388":2,"393":1,"394":2,"395":2,"396":2,"399":2,"401":2,"402":2,"407":1,"408":2,"411":2,"412":2,"413":1,"414":1,"415":1,"416":1,"417":1,"420":2,"421":2,"422":1,"423":1,"424":1,"425":1,"426":1,"428":2,"429":2,"431":1,"432":1,"433":1,"438":1,"440":2,"441":2,"442":1,"443":1,"444":2,"446":2,"449":1,"450":1,"451":1,"452":1,"453":1,"454":1,"456":2,"459":1,"460":1,"461":1,"463":1,"464":1,"465":1,"466":1,"467":1,"468":1,"469":1,"470":1,"471":1,"472":1,"473":2,"478":1,"480":2,"481":2,"482":1,"483":1,"484":2,"486":2,"489":1,"490":1,"491":1,"492":1,"493":1,"494":1,"496":2,"499":1,"500":1,"501":1,"503":1,"504":1,"505":1,"506":1,"507":1,"508":1,"509":1,"510":1,"511":1,"512":1,"513":2,"514":1},"branchMap":{"0":{"type":"branch","line":8,"loc":{"start":{"line":8,"column":2},"end":{"line":18,"column":3}},"locations":[{"start":{"line":8,"column":2},"end":{"line":18,"column":3}}]},"1":{"type":"branch","line":13,"loc":{"start":{"line":13,"column":16},"end":{"line":17,"column":5}},"locations":[{"start":{"line":13,"column":16},"end":{"line":17,"column":5}}]},"2":{"type":"branch","line":14,"loc":{"start":{"line":14,"column":41},"end":{"line":14,"column":91}},"locations":[{"start":{"line":14,"column":41},"end":{"line":14,"column":91}}]},"3":{"type":"branch","line":15,"loc":{"start":{"line":15,"column":42},"end":{"line":15,"column":94}},"locations":[{"start":{"line":15,"column":42},"end":{"line":15,"column":94}}]},"4":{"type":"branch","line":16,"loc":{"start":{"line":16,"column":31},"end":{"line":16,"column":61}},"locations":[{"start":{"line":16,"column":31},"end":{"line":16,"column":61}}]},"5":{"type":"branch","line":23,"loc":{"start":{"line":23,"column":2},"end":{"line":39,"column":3}},"locations":[{"start":{"line":23,"column":2},"end":{"line":39,"column":3}}]},"6":{"type":"branch","line":44,"loc":{"start":{"line":44,"column":10},"end":{"line":62,"column":3}},"locations":[{"start":{"line":44,"column":10},"end":{"line":62,"column":3}}]},"7":{"type":"branch","line":48,"loc":{"start":{"line":48,"column":24},"end":{"line":59,"column":5}},"locations":[{"start":{"line":48,"column":24},"end":{"line":59,"column":5}}]},"8":{"type":"branch","line":51,"loc":{"start":{"line":51,"column":49},"end":{"line":58,"column":7}},"locations":[{"start":{"line":51,"column":49},"end":{"line":58,"column":7}}]},"9":{"type":"branch","line":67,"loc":{"start":{"line":67,"column":10},"end":{"line":101,"column":3}},"locations":[{"start":{"line":67,"column":10},"end":{"line":101,"column":3}}]},"10":{"type":"branch","line":70,"loc":{"start":{"line":70,"column":42},"end":{"line":98,"column":5}},"locations":[{"start":{"line":70,"column":42},"end":{"line":98,"column":5}}]},"11":{"type":"branch","line":76,"loc":{"start":{"line":76,"column":59},"end":{"line":85,"column":7}},"locations":[{"start":{"line":76,"column":59},"end":{"line":85,"column":7}}]},"12":{"type":"branch","line":88,"loc":{"start":{"line":88,"column":59},"end":{"line":97,"column":7}},"locations":[{"start":{"line":88,"column":59},"end":{"line":97,"column":7}}]},"13":{"type":"branch","line":106,"loc":{"start":{"line":106,"column":10},"end":{"line":145,"column":3}},"locations":[{"start":{"line":106,"column":10},"end":{"line":145,"column":3}}]},"14":{"type":"branch","line":109,"loc":{"start":{"line":109,"column":42},"end":{"line":142,"column":5}},"locations":[{"start":{"line":109,"column":42},"end":{"line":142,"column":5}}]},"15":{"type":"branch","line":114,"loc":{"start":{"line":114,"column":34},"end":{"line":126,"column":7}},"locations":[{"start":{"line":114,"column":34},"end":{"line":126,"column":7}}]},"16":{"type":"branch","line":129,"loc":{"start":{"line":129,"column":34},"end":{"line":141,"column":7}},"locations":[{"start":{"line":129,"column":34},"end":{"line":141,"column":7}}]},"17":{"type":"branch","line":150,"loc":{"start":{"line":150,"column":10},"end":{"line":196,"column":3}},"locations":[{"start":{"line":150,"column":10},"end":{"line":196,"column":3}}]},"18":{"type":"branch","line":154,"loc":{"start":{"line":154,"column":49},"end":{"line":191,"column":5}},"locations":[{"start":{"line":154,"column":49},"end":{"line":191,"column":5}}]},"19":{"type":"branch","line":158,"loc":{"start":{"line":158,"column":35},"end":{"line":174,"column":13}},"locations":[{"start":{"line":158,"column":35},"end":{"line":174,"column":13}}]},"20":{"type":"branch","line":182,"loc":{"start":{"line":182,"column":8},"end":{"line":189,"column":9}},"locations":[{"start":{"line":182,"column":8},"end":{"line":189,"column":9}}]},"21":{"type":"branch","line":201,"loc":{"start":{"line":201,"column":10},"end":{"line":260,"column":3}},"locations":[{"start":{"line":201,"column":10},"end":{"line":260,"column":3}}]},"22":{"type":"branch","line":207,"loc":{"start":{"line":207,"column":23},"end":{"line":257,"column":5}},"locations":[{"start":{"line":207,"column":23},"end":{"line":257,"column":5}}]},"23":{"type":"branch","line":208,"loc":{"start":{"line":208,"column":10},"end":{"line":208,"column":66}},"locations":[{"start":{"line":208,"column":10},"end":{"line":208,"column":66}}]},"24":{"type":"branch","line":208,"loc":{"start":{"line":208,"column":66},"end":{"line":215,"column":7}},"locations":[{"start":{"line":208,"column":66},"end":{"line":215,"column":7}}]},"25":{"type":"branch","line":216,"loc":{"start":{"line":216,"column":35},"end":{"line":235,"column":17}},"locations":[{"start":{"line":216,"column":35},"end":{"line":235,"column":17}}]},"26":{"type":"branch","line":218,"loc":{"start":{"line":218,"column":43},"end":{"line":225,"column":11}},"locations":[{"start":{"line":218,"column":43},"end":{"line":225,"column":11}}]},"27":{"type":"branch","line":235,"loc":{"start":{"line":235,"column":6},"end":{"line":256,"column":7}},"locations":[{"start":{"line":235,"column":6},"end":{"line":256,"column":7}}]},"28":{"type":"branch","line":235,"loc":{"start":{"line":235,"column":42},"end":{"line":256,"column":7}},"locations":[{"start":{"line":235,"column":42},"end":{"line":256,"column":7}}]},"29":{"type":"branch","line":237,"loc":{"start":{"line":237,"column":43},"end":{"line":244,"column":11}},"locations":[{"start":{"line":237,"column":43},"end":{"line":244,"column":11}}]},"30":{"type":"branch","line":265,"loc":{"start":{"line":265,"column":10},"end":{"line":282,"column":3}},"locations":[{"start":{"line":265,"column":10},"end":{"line":282,"column":3}}]},"31":{"type":"branch","line":269,"loc":{"start":{"line":269,"column":56},"end":{"line":279,"column":5}},"locations":[{"start":{"line":269,"column":56},"end":{"line":279,"column":5}}]},"32":{"type":"branch","line":274,"loc":{"start":{"line":274,"column":18},"end":{"line":276,"column":17}},"locations":[{"start":{"line":274,"column":18},"end":{"line":276,"column":17}}]},"33":{"type":"branch","line":276,"loc":{"start":{"line":276,"column":6},"end":{"line":278,"column":7}},"locations":[{"start":{"line":276,"column":6},"end":{"line":278,"column":7}}]},"34":{"type":"branch","line":276,"loc":{"start":{"line":276,"column":24},"end":{"line":278,"column":7}},"locations":[{"start":{"line":276,"column":24},"end":{"line":278,"column":7}}]},"35":{"type":"branch","line":287,"loc":{"start":{"line":287,"column":10},"end":{"line":295,"column":3}},"locations":[{"start":{"line":287,"column":10},"end":{"line":295,"column":3}}]},"36":{"type":"branch","line":289,"loc":{"start":{"line":289,"column":38},"end":{"line":293,"column":5}},"locations":[{"start":{"line":289,"column":38},"end":{"line":293,"column":5}}]},"37":{"type":"branch","line":290,"loc":{"start":{"line":290,"column":42},"end":{"line":290,"column":88}},"locations":[{"start":{"line":290,"column":42},"end":{"line":290,"column":88}}]},"38":{"type":"branch","line":290,"loc":{"start":{"line":290,"column":88},"end":{"line":292,"column":7}},"locations":[{"start":{"line":290,"column":88},"end":{"line":292,"column":7}}]},"39":{"type":"branch","line":293,"loc":{"start":{"line":293,"column":4},"end":{"line":294,"column":16}},"locations":[{"start":{"line":293,"column":4},"end":{"line":294,"column":16}}]},"40":{"type":"branch","line":300,"loc":{"start":{"line":300,"column":10},"end":{"line":308,"column":3}},"locations":[{"start":{"line":300,"column":10},"end":{"line":308,"column":3}}]},"41":{"type":"branch","line":302,"loc":{"start":{"line":302,"column":38},"end":{"line":306,"column":5}},"locations":[{"start":{"line":302,"column":38},"end":{"line":306,"column":5}}]},"42":{"type":"branch","line":303,"loc":{"start":{"line":303,"column":41},"end":{"line":303,"column":84}},"locations":[{"start":{"line":303,"column":41},"end":{"line":303,"column":84}}]},"43":{"type":"branch","line":303,"loc":{"start":{"line":303,"column":84},"end":{"line":305,"column":7}},"locations":[{"start":{"line":303,"column":84},"end":{"line":305,"column":7}}]},"44":{"type":"branch","line":306,"loc":{"start":{"line":306,"column":4},"end":{"line":307,"column":16}},"locations":[{"start":{"line":306,"column":4},"end":{"line":307,"column":16}}]},"45":{"type":"branch","line":313,"loc":{"start":{"line":313,"column":10},"end":{"line":323,"column":3}},"locations":[{"start":{"line":313,"column":10},"end":{"line":323,"column":3}}]},"46":{"type":"branch","line":318,"loc":{"start":{"line":318,"column":23},"end":{"line":320,"column":5}},"locations":[{"start":{"line":318,"column":23},"end":{"line":320,"column":5}}]},"47":{"type":"branch","line":322,"loc":{"start":{"line":322,"column":22},"end":{"line":322,"column":37}},"locations":[{"start":{"line":322,"column":22},"end":{"line":322,"column":37}}]},"48":{"type":"branch","line":328,"loc":{"start":{"line":328,"column":10},"end":{"line":338,"column":3}},"locations":[{"start":{"line":328,"column":10},"end":{"line":338,"column":3}}]},"49":{"type":"branch","line":333,"loc":{"start":{"line":333,"column":23},"end":{"line":335,"column":5}},"locations":[{"start":{"line":333,"column":23},"end":{"line":335,"column":5}}]},"50":{"type":"branch","line":337,"loc":{"start":{"line":337,"column":21},"end":{"line":337,"column":36}},"locations":[{"start":{"line":337,"column":21},"end":{"line":337,"column":36}}]},"51":{"type":"branch","line":343,"loc":{"start":{"line":343,"column":10},"end":{"line":352,"column":3}},"locations":[{"start":{"line":343,"column":10},"end":{"line":352,"column":3}}]},"52":{"type":"branch","line":345,"loc":{"start":{"line":345,"column":45},"end":{"line":346,"column":86}},"locations":[{"start":{"line":345,"column":45},"end":{"line":346,"column":86}}]},"53":{"type":"branch","line":351,"loc":{"start":{"line":351,"column":11},"end":{"line":351,"column":38}},"locations":[{"start":{"line":351,"column":11},"end":{"line":351,"column":38}}]},"54":{"type":"branch","line":357,"loc":{"start":{"line":357,"column":10},"end":{"line":366,"column":3}},"locations":[{"start":{"line":357,"column":10},"end":{"line":366,"column":3}}]},"55":{"type":"branch","line":359,"loc":{"start":{"line":359,"column":46},"end":{"line":360,"column":86}},"locations":[{"start":{"line":359,"column":46},"end":{"line":360,"column":86}}]},"56":{"type":"branch","line":365,"loc":{"start":{"line":365,"column":11},"end":{"line":365,"column":38}},"locations":[{"start":{"line":365,"column":11},"end":{"line":365,"column":38}}]},"57":{"type":"branch","line":371,"loc":{"start":{"line":371,"column":10},"end":{"line":389,"column":3}},"locations":[{"start":{"line":371,"column":10},"end":{"line":389,"column":3}}]},"58":{"type":"branch","line":377,"loc":{"start":{"line":377,"column":64},"end":{"line":386,"column":5}},"locations":[{"start":{"line":377,"column":64},"end":{"line":386,"column":5}}]},"59":{"type":"branch","line":379,"loc":{"start":{"line":379,"column":27},"end":{"line":382,"column":13}},"locations":[{"start":{"line":379,"column":27},"end":{"line":382,"column":13}}]},"60":{"type":"branch","line":380,"loc":{"start":{"line":380,"column":49},"end":{"line":380,"column":59}},"locations":[{"start":{"line":380,"column":49},"end":{"line":380,"column":59}}]},"61":{"type":"branch","line":381,"loc":{"start":{"line":381,"column":34},"end":{"line":381,"column":79}},"locations":[{"start":{"line":381,"column":34},"end":{"line":381,"column":79}}]},"62":{"type":"branch","line":381,"loc":{"start":{"line":381,"column":79},"end":{"line":381,"column":92}},"locations":[{"start":{"line":381,"column":79},"end":{"line":381,"column":92}}]},"63":{"type":"branch","line":382,"loc":{"start":{"line":382,"column":6},"end":{"line":385,"column":7}},"locations":[{"start":{"line":382,"column":6},"end":{"line":385,"column":7}}]},"64":{"type":"branch","line":383,"loc":{"start":{"line":383,"column":47},"end":{"line":383,"column":57}},"locations":[{"start":{"line":383,"column":47},"end":{"line":383,"column":57}}]},"65":{"type":"branch","line":384,"loc":{"start":{"line":384,"column":34},"end":{"line":384,"column":77}},"locations":[{"start":{"line":384,"column":34},"end":{"line":384,"column":77}}]},"66":{"type":"branch","line":384,"loc":{"start":{"line":384,"column":77},"end":{"line":384,"column":90}},"locations":[{"start":{"line":384,"column":77},"end":{"line":384,"column":90}}]},"67":{"type":"branch","line":394,"loc":{"start":{"line":394,"column":10},"end":{"line":403,"column":3}},"locations":[{"start":{"line":394,"column":10},"end":{"line":403,"column":3}}]},"68":{"type":"branch","line":408,"loc":{"start":{"line":408,"column":2},"end":{"line":430,"column":3}},"locations":[{"start":{"line":408,"column":2},"end":{"line":430,"column":3}}]},"69":{"type":"branch","line":413,"loc":{"start":{"line":413,"column":19},"end":{"line":418,"column":5}},"locations":[{"start":{"line":413,"column":19},"end":{"line":418,"column":5}}]},"70":{"type":"branch","line":422,"loc":{"start":{"line":422,"column":20},"end":{"line":427,"column":5}},"locations":[{"start":{"line":422,"column":20},"end":{"line":427,"column":5}}]},"71":{"type":"branch","line":432,"loc":{"start":{"line":432,"column":2},"end":{"line":434,"column":3}},"locations":[{"start":{"line":432,"column":2},"end":{"line":434,"column":3}}]},"72":{"type":"branch","line":439,"loc":{"start":{"line":439,"column":10},"end":{"line":474,"column":3}},"locations":[{"start":{"line":439,"column":10},"end":{"line":474,"column":3}}]},"73":{"type":"branch","line":447,"loc":{"start":{"line":447,"column":23},"end":{"line":457,"column":27}},"locations":[{"start":{"line":447,"column":23},"end":{"line":457,"column":27}}]},"74":{"type":"branch","line":457,"loc":{"start":{"line":457,"column":20},"end":{"line":457,"column":32}},"locations":[{"start":{"line":457,"column":20},"end":{"line":457,"column":32}}]},"75":{"type":"branch","line":457,"loc":{"start":{"line":457,"column":27},"end":{"line":473,"column":6}},"locations":[{"start":{"line":457,"column":27},"end":{"line":473,"column":6}}]},"76":{"type":"branch","line":441,"loc":{"start":{"line":441,"column":54},"end":{"line":444,"column":48}},"locations":[{"start":{"line":441,"column":54},"end":{"line":444,"column":48}}]},"77":{"type":"branch","line":442,"loc":{"start":{"line":442,"column":20},"end":{"line":443,"column":82}},"locations":[{"start":{"line":442,"column":20},"end":{"line":443,"column":82}}]},"78":{"type":"branch","line":443,"loc":{"start":{"line":443,"column":59},"end":{"line":444,"column":48}},"locations":[{"start":{"line":443,"column":59},"end":{"line":444,"column":48}}]},"79":{"type":"branch","line":450,"loc":{"start":{"line":450,"column":48},"end":{"line":454,"column":50}},"locations":[{"start":{"line":450,"column":48},"end":{"line":454,"column":50}}]},"80":{"type":"branch","line":479,"loc":{"start":{"line":479,"column":10},"end":{"line":514,"column":3}},"locations":[{"start":{"line":479,"column":10},"end":{"line":514,"column":3}}]},"81":{"type":"branch","line":487,"loc":{"start":{"line":487,"column":24},"end":{"line":497,"column":27}},"locations":[{"start":{"line":487,"column":24},"end":{"line":497,"column":27}}]},"82":{"type":"branch","line":497,"loc":{"start":{"line":497,"column":20},"end":{"line":497,"column":32}},"locations":[{"start":{"line":497,"column":20},"end":{"line":497,"column":32}}]},"83":{"type":"branch","line":497,"loc":{"start":{"line":497,"column":27},"end":{"line":513,"column":6}},"locations":[{"start":{"line":497,"column":27},"end":{"line":513,"column":6}}]},"84":{"type":"branch","line":481,"loc":{"start":{"line":481,"column":55},"end":{"line":484,"column":48}},"locations":[{"start":{"line":481,"column":55},"end":{"line":484,"column":48}}]},"85":{"type":"branch","line":482,"loc":{"start":{"line":482,"column":20},"end":{"line":483,"column":82}},"locations":[{"start":{"line":482,"column":20},"end":{"line":483,"column":82}}]},"86":{"type":"branch","line":483,"loc":{"start":{"line":483,"column":59},"end":{"line":484,"column":48}},"locations":[{"start":{"line":483,"column":59},"end":{"line":484,"column":48}}]},"87":{"type":"branch","line":490,"loc":{"start":{"line":490,"column":48},"end":{"line":494,"column":50}},"locations":[{"start":{"line":490,"column":48},"end":{"line":494,"column":50}}]}},"b":{"0":[8],"1":[4],"2":[2],"3":[1],"4":[3],"5":[3],"6":[3],"7":[2],"8":[0],"9":[3],"10":[25],"11":[1],"12":[1],"13":[3],"14":[25],"15":[0],"16":[1],"17":[3],"18":[1],"19":[0],"20":[0],"21":[4],"22":[6],"23":[4],"24":[2],"25":[2],"26":[1],"27":[4],"28":[2],"29":[1],"30":[6],"31":[24],"32":[2],"33":[22],"34":[2],"35":[24],"36":[32],"37":[16],"38":[22],"39":[2],"40":[24],"41":[32],"42":[22],"43":[22],"44":[2],"45":[3],"46":[29],"47":[73],"48":[3],"49":[29],"50":[70],"51":[25],"52":[2],"53":[1],"54":[25],"55":[4],"56":[4],"57":[2],"58":[17],"59":[7],"60":[0],"61":[0],"62":[0],"63":[10],"64":[0],"65":[1],"66":[0],"67":[2],"68":[2],"69":[1],"70":[1],"71":[1],"72":[2],"73":[1],"74":[0],"75":[1],"76":[2],"77":[1],"78":[1],"79":[1],"80":[2],"81":[1],"82":[0],"83":[1],"84":[2],"85":[1],"86":[1],"87":[1]},"fnMap":{"0":{"name":"SMCAnalyzer","decl":{"start":{"line":8,"column":2},"end":{"line":18,"column":3}},"loc":{"start":{"line":8,"column":2},"end":{"line":18,"column":3}},"line":8},"1":{"name":"analyze","decl":{"start":{"line":23,"column":2},"end":{"line":39,"column":3}},"loc":{"start":{"line":23,"column":2},"end":{"line":39,"column":3}},"line":23},"2":{"name":"detectLiquidityZones","decl":{"start":{"line":44,"column":10},"end":{"line":62,"column":3}},"loc":{"start":{"line":44,"column":10},"end":{"line":62,"column":3}},"line":44},"3":{"name":"detectOrderBlocks","decl":{"start":{"line":67,"column":10},"end":{"line":101,"column":3}},"loc":{"start":{"line":67,"column":10},"end":{"line":101,"column":3}},"line":67},"4":{"name":"detectFairValueGaps","decl":{"start":{"line":106,"column":10},"end":{"line":145,"column":3}},"loc":{"start":{"line":106,"column":10},"end":{"line":145,"column":3}},"line":106},"5":{"name":"detectMarketStructures","decl":{"start":{"line":150,"column":10},"end":{"line":196,"column":3}},"loc":{"start":{"line":150,"column":10},"end":{"line":196,"column":3}},"line":150},"6":{"name":"detectBOSAndCHOCH","decl":{"start":{"line":201,"column":10},"end":{"line":260,"column":3}},"loc":{"start":{"line":201,"column":10},"end":{"line":260,"column":3}},"line":201},"7":{"name":"findSwingPoints","decl":{"start":{"line":265,"column":10},"end":{"line":282,"column":3}},"loc":{"start":{"line":265,"column":10},"end":{"line":282,"column":3}},"line":265},"8":{"name":"isSwingHigh","decl":{"start":{"line":287,"column":10},"end":{"line":295,"column":3}},"loc":{"start":{"line":287,"column":10},"end":{"line":295,"column":3}},"line":287},"9":{"name":"isSwingLow","decl":{"start":{"line":300,"column":10},"end":{"line":308,"column":3}},"loc":{"start":{"line":300,"column":10},"end":{"line":308,"column":3}},"line":300},"10":{"name":"detectBuySideLiquidity","decl":{"start":{"line":313,"column":10},"end":{"line":323,"column":3}},"loc":{"start":{"line":313,"column":10},"end":{"line":323,"column":3}},"line":313},"11":{"name":"detectSellSideLiquidity","decl":{"start":{"line":328,"column":10},"end":{"line":338,"column":3}},"loc":{"start":{"line":328,"column":10},"end":{"line":338,"column":3}},"line":328},"12":{"name":"isBullishOrderBlock","decl":{"start":{"line":343,"column":10},"end":{"line":352,"column":3}},"loc":{"start":{"line":343,"column":10},"end":{"line":352,"column":3}},"line":343},"13":{"name":"isBearishOrderBlock","decl":{"start":{"line":357,"column":10},"end":{"line":366,"column":3}},"loc":{"start":{"line":357,"column":10},"end":{"line":366,"column":3}},"line":357},"14":{"name":"calculateLiquidityStrength","decl":{"start":{"line":371,"column":10},"end":{"line":389,"column":3}},"loc":{"start":{"line":371,"column":10},"end":{"line":389,"column":3}},"line":371},"15":{"name":"calculateOrderBlockStrength","decl":{"start":{"line":394,"column":10},"end":{"line":403,"column":3}},"loc":{"start":{"line":394,"column":10},"end":{"line":403,"column":3}},"line":394},"16":{"name":"generateSignals","decl":{"start":{"line":408,"column":2},"end":{"line":430,"column":3}},"loc":{"start":{"line":408,"column":2},"end":{"line":430,"column":3}},"line":408},"17":{"name":"debugBOSCHOCH","decl":{"start":{"line":432,"column":2},"end":{"line":434,"column":3}},"loc":{"start":{"line":432,"column":2},"end":{"line":434,"column":3}},"line":432},"18":{"name":"checkBuySignal","decl":{"start":{"line":439,"column":10},"end":{"line":474,"column":3}},"loc":{"start":{"line":439,"column":10},"end":{"line":474,"column":3}},"line":439},"19":{"name":"checkSellSignal","decl":{"start":{"line":479,"column":10},"end":{"line":514,"column":3}},"loc":{"start":{"line":479,"column":10},"end":{"line":514,"column":3}},"line":479}},"f":{"0":8,"1":3,"2":3,"3":3,"4":3,"5":3,"6":4,"7":6,"8":24,"9":24,"10":3,"11":3,"12":25,"13":25,"14":2,"15":2,"16":2,"17":1,"18":2,"19":2}}
,"V:\\development\\robo_cripto\\backend\\api\\services\\tradingEngine.ts": {"path":"V:\\development\\robo_cripto\\backend\\api\\services\\tradingEngine.ts","all":false,"statementMap":{"0":{"start":{"line":1,"column":0},"end":{"line":1,"column":44}},"15":{"start":{"line":16,"column":0},"end":{"line":16,"column":28}},"19":{"start":{"line":20,"column":0},"end":{"line":20,"column":62}},"20":{"start":{"line":21,"column":0},"end":{"line":21,"column":66}},"21":{"start":{"line":22,"column":0},"end":{"line":22,"column":65}},"22":{"start":{"line":23,"column":0},"end":{"line":23,"column":37}},"23":{"start":{"line":24,"column":0},"end":{"line":24,"column":57}},"24":{"start":{"line":25,"column":0},"end":{"line":25,"column":63}},"26":{"start":{"line":27,"column":0},"end":{"line":27,"column":14}},"27":{"start":{"line":28,"column":0},"end":{"line":28,"column":38}},"28":{"start":{"line":29,"column":0},"end":{"line":29,"column":31}},"29":{"start":{"line":30,"column":0},"end":{"line":30,"column":34}},"30":{"start":{"line":31,"column":0},"end":{"line":31,"column":5}},"31":{"start":{"line":32,"column":0},"end":{"line":32,"column":41}},"32":{"start":{"line":33,"column":0},"end":{"line":33,"column":64}},"33":{"start":{"line":34,"column":0},"end":{"line":34,"column":67}},"34":{"start":{"line":35,"column":0},"end":{"line":35,"column":3}},"39":{"start":{"line":40,"column":0},"end":{"line":40,"column":37}},"40":{"start":{"line":41,"column":0},"end":{"line":41,"column":53}},"43":{"start":{"line":44,"column":0},"end":{"line":44,"column":68}},"44":{"start":{"line":45,"column":0},"end":{"line":45,"column":76}},"45":{"start":{"line":46,"column":0},"end":{"line":46,"column":91}},"46":{"start":{"line":47,"column":0},"end":{"line":47,"column":5}},"49":{"start":{"line":50,"column":0},"end":{"line":50,"column":32}},"51":{"start":{"line":52,"column":0},"end":{"line":52,"column":61}},"52":{"start":{"line":53,"column":0},"end":{"line":53,"column":3}},"57":{"start":{"line":58,"column":0},"end":{"line":58,"column":45}},"58":{"start":{"line":59,"column":0},"end":{"line":59,"column":45}},"59":{"start":{"line":60,"column":0},"end":{"line":60,"column":78}},"60":{"start":{"line":61,"column":0},"end":{"line":61,"column":3}},"65":{"start":{"line":66,"column":0},"end":{"line":66,"column":46}},"66":{"start":{"line":67,"column":0},"end":{"line":67,"column":41}},"67":{"start":{"line":68,"column":0},"end":{"line":68,"column":55}},"68":{"start":{"line":69,"column":0},"end":{"line":69,"column":3}},"73":{"start":{"line":74,"column":0},"end":{"line":74,"column":17}},"74":{"start":{"line":75,"column":0},"end":{"line":75,"column":25}},"75":{"start":{"line":76,"column":0},"end":{"line":76,"column":47}},"76":{"start":{"line":77,"column":0},"end":{"line":77,"column":13}},"77":{"start":{"line":78,"column":0},"end":{"line":78,"column":5}},"79":{"start":{"line":80,"column":0},"end":{"line":80,"column":26}},"80":{"start":{"line":81,"column":0},"end":{"line":81,"column":69}},"83":{"start":{"line":84,"column":0},"end":{"line":84,"column":47}},"84":{"start":{"line":85,"column":0},"end":{"line":85,"column":27
[...]
:146,"column":0},"end":{"line":146,"column":9}},"146":{"start":{"line":147,"column":0},"end":{"line":147,"column":6}},"149":{"start":{"line":150,"column":0},"end":{"line":150,"column":40}},"150":{"start":{"line":151,"column":0},"end":{"line":151,"column":59}},"151":{"start":{"line":152,"column":0},"end":{"line":152,"column":61}},"152":{"start":{"line":153,"column":0},"end":{"line":153,"column":38}},"153":{"start":{"line":154,"column":0},"end":{"line":154,"column":7}},"156":{"start":{"line":157,"column":0},"end":{"line":157,"column":58}},"159":{"start":{"line":160,"column":0},"end":{"line":160,"column":75}},"160":{"start":{"line":161,"column":0},"end":{"line":161,"column":37}},"163":{"start":{"line":164,"column":0},"end":{"line":164,"column":88}},"166":{"start":{"line":167,"column":0},"end":{"line":167,"column":35}},"167":{"start":{"line":168,"column":0},"end":{"line":168,"column":57}},"168":{"start":{"line":169,"column":0},"end":{"line":169,"column":5}},"171":{"start":{"line":172,"column":0},"end":{"line":172,"column":67}},"172":{"start":{"line":173,"column":0},"end":{"line":173,"column":3}},"177":{"start":{"line":178,"column":0},"end":{"line":178,"column":30}},"178":{"start":{"line":179,"column":0},"end":{"line":179,"column":27}},"179":{"start":{"line":180,"column":0},"end":{"line":180,"column":28}},"180":{"start":{"line":181,"column":0},"end":{"line":181,"column":25}},"181":{"start":{"line":182,"column":0},"end":{"line":182,"column":20}},"183":{"start":{"line":184,"column":0},"end":{"line":184,"column":63}},"185":{"start":{"line":186,"column":0},"end":{"line":186,"column":30}},"186":{"start":{"line":187,"column":0},"end":{"line":187,"column":59}},"187":{"start":{"line":188,"column":0},"end":{"line":188,"column":13}},"188":{"start":{"line":189,"column":0},"end":{"line":189,"column":5}},"191":{"start":{"line":192,"column":0},"end":{"line":192,"column":41}},"192":{"start":{"line":193,"column":0},"end":{"line":193,"column":68}},"193":{"start":{"line":194,"column":0},"end":{"line":194,"column":74}},"196":{"start":{"line":197,"column":0},"end":{"line":197,"column":64}},"197":{"start":{"line":198,"column":0},"end":{"line":198,"column":17}},"198":{"start":{"line":199,"column":0},"end":{"line":199,"column":15}},"199":{"start":{"line":200,"column":0},"end":{"line":200,"column":12}},"200":{"start":{"line":201,"column":0},"end":{"line":201,"column":6}},"202":{"start":{"line":203,"column":0},"end":{"line":203,"column":29}},"203":{"start":{"line":204,"column":0},"end":{"line":204,"column":61}},"204":{"start":{"line":205,"column":0},"end":{"line":205,"column":13}},"205":{"start":{"line":206,"column":0},"end":{"line":206,"column":5}},"208":{"start":{"line":209,"column":0},"end":{"line":209,"column":37}},"209":{"start":{"line":210,"column":0},"end":{"line":210,"column":19}},"210":{"start":{"line":211,"column":0},"end":{"line":211,"column":28}},"211":{"start":{"line":212,"column":0},"end":{"line":212,"column":53}},"212":{"start":{"line":213,"column":0},"end":{"line":213,"column":17}},"213":{"start":{"line":214,"column":0},"end":{"line":214,"column":29}},"214":{"start":{"line":215,"column":0},"end":{"line":215,"column":15}},"215":{"start":{"line":216,"column":0},"end":{"line":216,"column":17}},"216":{"start":{"line":217,"column":0},"end":{"line":217,"column":21}},"217":{"start":{"line":218,"column":0},"end":{"line":218,"column":27}},"218":{"start":{"line":219,"column":0},"end":{"line":219,"column":13}},"219":{"start":{"line":220,"column":0},"end":{"line":220,"column":6}},"222":{"start":{"line":223,"column":0},"end":{"line":223,"column":9}},"223":{"start":{"line":224,"column":0},"end":{"line":224,"column":91}},"224":{"start":{"line":225,"column":0},"end":{"line":225,"column":18}},"225":{"start":{"line":226,"column":0},"end":{"line":226,"column":22}},"226":{"start":{"line":227,"column":0},"end":{"line":227,"column":47}},"227":{"start":{"line":228,"column":0},"end":{"line":228,"column":21}},"228":{"start":{"line":229,"column":0},"end":{"line":229,"column":19}},"229":{"start":{"line":230,"column":0},"end":{"line":230,"column":17}},"230":{"start":{"line":231,"column":0},"end":{"line":231,"column":18}},"231":{"start":{"line":232,"column":0},"end":{"line":232,"column":8}},"234":{"start":{"line":235,"column":0},"end":{"line":235,"column":50}},"235":{"start":{"line":236,"column":0},"end":{"line":236,"column":54}},"237":{"start":{"line":238,"column":0},"end":{"line":238,"column":102}},"240":{"start":{"line":241,"column":0},"end":{"line":241,"column":51}},"242":{"start":{"line":243,"column":0},"end":{"line":243,"column":21}},"243":{"start":{"line":244,"column":0},"end":{"line":244,"column":54}},"244":{"start":{"line":245,"column":0},"end":{"line":245,"column":5}},"245":{"start":{"line":246,"column":0},"end":{"line":246,"column":3}},"250":{"start":{"line":251,"column":0},"end":{"line":251,"column":50}},"251":{"start":{"line":252,"column":0},"end":{"line":252,"column":32}},"253":{"start":{"line":254,"column":0},"end":{"line":254,"column":43}},"255":{"start":{"line":256,"column":0},"end":{"line":256,"column":64}},"256":{"start":{"line":257,"column":0},"end":{"line":257,"column":47}},"258":{"start":{"line":259,"column":0},"end":{"line":259,"column":11}},"259":{"start":{"line":260,"column":0},"end":{"line":260,"column":44}},"260":{"start":{"line":261,"column":0},"end":{"line":261,"column":23}},"261":{"start":{"line":262,"column":0},"end":{"line":262,"column":73}},"262":{"start":{"line":263,"column":0},"end":{"line":263,"column":7}},"263":{"start":{"line":264,"column":0},"end":{"line":264,"column":5}},"264":{"start":{"line":265,"column":0},"end":{"line":265,"column":3}},"269":{"start":{"line":270,"column":0},"end":{"line":270,"column":72}},"271":{"start":{"line":272,"column":0},"end":{"line":272,"column":84}},"272":{"start":{"line":273,"column":0},"end":{"line":273,"column":37}},"275":{"start":{"line":276,"column":0},"end":{"line":276,"column":51}},"276":{"start":{"line":277,"column":0},"end":{"line":277,"column":64}},"277":{"start":{"line":278,"column":0},"end":{"line":278,"column":65}},"280":{"start":{"line":281,"column":0},"end":{"line":281,"column":91}},"282":{"start":{"line":283,"column":0},"end":{"line":283,"column":44}},"283":{"start":{"line":284,"column":0},"end":{"line":284,"column":73}},"285":{"start":{"line":286,"column":0},"end":{"line":286,"column":38}},"286":{"start":{"line":287,"column":0},"end":{"line":287,"column":5}},"289":{"start":{"line":290,"column":0},"end":{"line":290,"column":58}},"290":{"start":{"line":291,"column":0},"end":{"line":291,"column":103}},"292":{"start":{"line":293,"column":0},"end":{"line":293,"column":33}},"293":{"start":{"line":294,"column":0},"end":{"line":294,"column":95}},"295":{"start":{"line":296,"column":0},"end":{"line":296,"column":5}},"298":{"start":{"line":299,"column":0},"end":{"line":299,"column":73}},"300":{"start":{"line":301,"column":0},"end":{"line":301,"column":34}},"301":{"start":{"line":302,"column":0},"end":{"line":302,"column":61}},"302":{"start":{"line":303,"column":0},"end":{"line":303,"column":5}},"305":{"start":{"line":306,"column":0},"end":{"line":306,"column":52}},"306":{"start":{"line":307,"column":0},"end":{"line":307,"column":3}},"311":{"start":{"line":312,"column":0},"end":{"line":312,"column":79}},"314":{"start":{"line":315,"column":0},"end":{"line":315,"column":5}},"316":{"start":{"line":317,"column":0},"end":{"line":317,"column":72}},"317":{"start":{"line":318,"column":0},"end":{"line":318,"column":65}},"318":{"start":{"line":319,"column":0},"end":{"line":319,"column":5}},"320":{"start":{"line":321,"column":0},"end":{"line":321,"column":73}},"321":{"start":{"line":322,"column":0},"end":{"line":322,"column":65}},"322":{"start":{"line":323,"column":0},"end":{"line":323,"column":5}},"325":{"start":{"line":326,"column":0},"end":{"line":326,"column":43}},"326":{"start":{"line":327,"column":0},"end":{"line":327,"column":59}},"327":{"start":{"line":328,"column":0},"end":{"line":328,"column":76}},"328":{"start":{"line":329,"column":0},"end":{"line":329,"column":7}},"330":{"start":{"line":331,"column":0},"end":{"line":331,"column":60}},"331":{"start":{"line":332,"column":0},"end":{"line":332,"column":76}},"332":{"start":{"line":333,"column":0},"end":{"line":333,"column":7}},"333":{"start":{"line":334,"column":0},"end":{"line":334,"column":5}},"336":{"start":{"line":337,"column":0},"end":{"line":337,"column":27}},"337":{"start":{"line":338,"column":0},"end":{"line":338,"column":35}},"338":{"start":{"line":339,"column":0},"end":{"line":339,"column":32}},"341":{"start":{"line":342,"column":0},"end":{"line":342,"column":40}},"342":{"start":{"line":343,"column":0},"end":{"line":343,"column":75}},"343":{"start":{"line":344,"column":0},"end":{"line":344,"column":5}},"345":{"start":{"line":346,"column":0},"end":{"line":346,"column":46}},"346":{"start":{"line":347,"column":0},"end":{"line":347,"column":3}},"351":{"start":{"line":352,"column":0},"end":{"line":352,"column":87}},"352":{"start":{"line":353,"column":0},"end":{"line":353,"column":62}},"354":{"start":{"line":355,"column":0},"end":{"line":355,"column":9}},"356":{"start":{"line":357,"column":0},"end":{"line":357,"column":86}},"357":{"start":{"line":358,"column":0},"end":{"line":358,"column":39}},"359":{"start":{"line":360,"column":0},"end":{"line":360,"column":50}},"360":{"start":{"line":361,"column":0},"end":{"line":361,"column":82}},"361":{"start":{"line":362,"column":0},"end":{"line":362,"column":83}},"364":{"start":{"line":365,"column":0},"end":{"line":365,"column":74}},"367":{"start":{"line":368,"column":0},"end":{"line":368,"column":33}},"368":{"start":{"line":369,"column":0},"end":{"line":369,"column":38}},"369":{"start":{"line":370,"column":0},"end":{"line":370,"column":41}},"372":{"start":{"line":373,"column":0},"end":{"line":373,"column":47}},"374":{"start":{"line":375,"column":0},"end":{"line":375,"column":87}},"376":{"start":{"line":377,"column":0},"end":{"line":377,"column":21}},"377":{"start":{"line":378,"column":0},"end":{"line":378,"column":69}},"378":{"start":{"line":379,"column":0},"end":{"line":379,"column":5}},"379":{"start":{"line":380,"column":0},"end":{"line":380,"column":3}},"384":{"start":{"line":385,"column":0},"end":{"line":385,"column":100}},"386":{"start":{"line":387,"column":0},"end":{"line":387,"column":38}},"387":{"start":{"line":388,"column":0},"end":{"line":388,"column":41}},"388":{"start":{"line":389,"column":0},"end":{"line":389,"column":46}},"389":{"start":{"line":390,"column":0},"end":{"line":390,"column":47}},"390":{"start":{"line":391,"column":0},"end":{"line":391,"column":51}},"391":{"start":{"line":392,"column":0},"end":{"line":392,"column":66}},"392":{"start":{"line":393,"column":0},"end":{"line":393,"column":71}},"393":{"start":{"line":394,"column":0},"end":{"line":394,"column":43}},"394":{"start":{"line":395,"column":0},"end":{"line":395,"column":69}},"395":{"start":{"line":396,"column":0},"end":{"line":396,"column":71}},"396":{"start":{"line":397,"column":0},"end":{"line":397,"column":36}},"397":{"start":{"line":398,"column":0},"end":{"line":398,"column":3}},"402":{"start":{"line":403,"column":0},"end":{"line":403,"column":49}},"404":{"start":{"line":405,"column":0},"end":{"line":405,"column":52}},"405":{"start":{"line":406,"column":0},"end":{"line":406,"column":3}},"410":{"start":{"line":411,"column":0},"end":{"line":411,"column":15}},"416":{"start":{"line":417,"column":0},"end":{"line":417,"column":5}},"417":{"start":{"line":418,"column":0},"end":{"line":418,"column":12}},"418":{"start":{"line":419,"column":0},"end":{"line":419,"column":45}},"419":{"start":{"line":420,"column":0},"end":{"line":420,"column":49}},"420":{"start":{"line":421,"column":0},"end":{"line":421,"column":74}},"421":{"start":{"line":422,"column":0},"end":{"line":422,"column":49}},"422":{"start":{"line":423,"column":0},"end":{"line":423,"column":31}},"423":{"start":{"line":424,"column":0},"end":{"line":424,"column":6}},"424":{"start":{"line":425,"column":0},"end":{"line":425,"column":3}},"429":{"start":{"line":430,"column":0},"end":{"line":430,"column":41}},"430":{"start":{"line":431,"column":0},"end":{"line":431,"column":53}},"431":{"start":{"line":432,"column":0},"end":{"line":432,"column":3}},"436":{"start":{"line":437,"column":0},"end":{"line":437,"column":37}},"437":{"start":{"line":438,"column":0},"end":{"line":438,"column":48}},"438":{"start":{"line":439,"column":0},"end":{"line":439,"column":3}},"439":{"start":{"line":440,"column":0},"end":{"line":440,"column":1}}},"s":{"0":1,"15":1,"19":1,"20":1,"21":1,"22":1,"23":1,"24":1,"26":1,"27":2,"28":2,"29":2,"30":2,"31":2,"32":2,"33":2,"34":2,"39":1,"40":0,"43":0,"44":0,"45":0,"46":0,"49":0,"51":0,"52":0,"57":1,"58":0,"59":0,"60":0,"65":1,"66":0,"67":0,"68":0,"73":1,"74":0,"75":0,"76":0,"77":0,"79":0,"80":0,"83":0,"84":0,"85":0,"88":0,"89":0,"90":0,"93":0,"94":0,"99":1,"100":0,"102":0,"103":0,"104":0,"105":0,"107":0,"108":0,"109":0,"110":0,"112":0,"113":0,"118":1,"119":0,"121":0,"123":0,"124":0,"126":0,"127":0,"128":0,"129":0,"130":0,"131":0,"132":0,"137":1,"138":0,"141":0,"142":0,"143":0,"144":0,"145":0,"146":0,"149":0,"150":0,"151":0,"152":0,"153":0,"156":0,"159":0,"160":0,"163":0,"166":0,"167":0,"168":0,"171":0,"172":0,"177":1,"178":0,"179":0,"180":0,"181":0,"183":0,"185":0,"186":0,"187":0,"188":0,"191":0,"192":0,"193":0,"196":0,"197":0,"198":0,"199":0,"200":0,"202":0,"203":0,"204":0,"205":0,"208":0,"209":0,"210":0,"211":0,"212":0,"213":0,"214":0,"215":0,"216":0,"217":0,"218":0,"219":0,"222":0,"223":0,"224":0,"225":0,"226":0,"227":0,"228":0,"229":0,"230":0,"231":0,"234":0,"235":0,"237":0,"240":0,"242":0,"243":0,"244":0,"245":0,"250":1,"251":0,"253":0,"255":0,"256":0,"258":0,"259":0,"260":0,"261":0,"262":0,"263":0,"264":0,"269":1,"271":0,"272":0,"275":0,"276":0,"277":0,"280":0,"282":0,"283":0,"285":0,"286":0,"289":0,"290":0,"292":0,"293":0,"295":0,"298":0,"300":0,"301":0,"302":0,"305":0,"306":0,"311":1,"314":2,"316":2,"317":1,"318":1,"320":2,"321":0,"322":0,"325":1,"326":1,"327":1,"328":1,"330":1,"331":0,"332":0,"333":1,"336":0,"337":0,"338":0,"341":2,"342":0,"343":0,"345":0,"346":2,"351":1,"352":0,"354":0,"356":0,"357":0,"359":0,"360":0,"361":0,"364":0,"367":0,"368":0,"369":0,"372":0,"374":0,"376":0,"377":0,"378":0,"379":0,"384":1,"386":0,"387":0,"388":0,"389":0,"390":0,"391":0,"392":0,"393":0,"394":0,"395":0,"396":0,"397":0,"402":1,"404":0,"405":0,"410":1,"416":1,"417":1,"418":1,"419":1,"420":1,"421":1,"422":1,"423":1,"424":1,"429":1,"430":0,"431":0,"436":1,"437":0,"438":0,"439":1},"branchMap":{"0":{"type":"branch","line":27,"loc":{"start":{"line":27,"column":2},"end":{"line":35,"column":3}},"locations":[{"start":{"line":27,"column":2},"end":{"line":35,"column":3}}]},"1":{"type":"branch","line":312,"loc":{"start":{"line":312,"column":10},"end":{"line":347,"column":3}},"locations":[{"start":{"line":312,"column":10},"end":{"line":347,"column":3}}]},"2":{"type":"branch","line":317,"loc":{"start":{"line":317,"column":71},"end":{"line":321,"column":37}},"locations":[{"start":{"line":317,"column":71},"end":{"line":321,"column":37}}]},"3":{"type":"branch","line":321,"loc":{"start":{"line":321,"column":26},"end":{"line":321,"column":72}},"locations":[{"start":{"line":321,"column":26},"end":{"line":321,"column":72}}]},"4":{"type":"branch","line":321,"loc":{"start":{"line":321,"column":72},"end":{"line":323,"column":5}},"locations":[{"start":{"line":321,"column":72},"end":{"line":323,"column":5}}]},"5":{"type":"branch","line":323,"loc":{"start":{"line":323,"column":4},"end":{"line":334,"column":5}},"locations":[{"start":{"line":323,"column":4},"end":{"line":334,"column":5}}]},"6":{"type":"branch","line":329,"loc":{"start":{"line":329,"column":6},"end":{"line":331,"column":59}},"locations":[{"start":{"line":329,"column":6},"end":{"line":331,"column":59}}]},"7":{"type":"branch","line":331,"loc":{"start":{"line":331,"column":59},"end":{"line":333,"column":7}},"locations":[{"start":{"line":331,"column":59},"end":{"line":333,"column":7}}]},"8":{"type":"branch","line":334,"loc":{"start":{"line":334,"column":4},"end":{"line":342,"column":39}},"locations":[{"start":{"line":334,"column":4},"end":{"line":342,"column":39}}]},"9":{"type":"branch","line":342,"loc":{"start":{"line":342,"column":39},"end":{"line":346,"column":46}},"locations":[{"start":{"line":342,"column":39},"end":{"line":346,"column":46}}]},"10":{"type":"branch","line":411,"loc":{"start":{"line":411,"column":2},"end":{"line":425,"column":3}},"locations":[{"start":{"line":411,"column":2},"end":{"line":425,"column":3}}]}},"b":{"0":[2],"1":[2],"2":[1],"3":[0],"4":[0],"5":[1],"6":[0],"7":[0],"8":[0],"9":[0],"10":[1]},"fnMap":{"0":{"name":"TradingEngine","decl":{"start":{"line":27,"column":2},"end":{"line":35,"column":3}},"loc":{"start":{"line":27,"column":2},"end":{"line":35,"column":3}},"line":27},"1":{"name":"initialize","decl":{"start":{"line":40,"column":2},"end":{"line":53,"column":3}},"loc":{"start":{"line":40,"column":2},"end":{"line":53,"column":3}},"line":40},"2":{"name":"addStrategy","decl":{"start":{"line":58,"column":2},"end":{"line":61,"column":3}},"loc":{"start":{"line":58,"column":2},"end":{"line":61,"column":3}},"line":58},"3":{"name":"removeStrategy","decl":{"start":{"line":66,"column":2},"end":{"line":69,"column":3}},"loc":{"start":{"line":66,"column":2},"end":{"line":69,"column":3}},"line":66},"4":{"name":"start","decl":{"start":{"line":74,"column":2},"end":{"line":95,"column":3}},"loc":{"start":{"line":74,"column":2},"end":{"line":95,"column":3}},"line":74},"5":{"name":"stop","decl":{"start":{"line":100,"column":2},"end":{"line":114,"column":3}},"loc":{"start":{"line":100,"column":2},"end":{"line":114,"column":3}},"line":100},"6":{"name":"analyzeMarket","decl":{"start":{"line":119,"column":2},"end":{"line":133,"column":3}},"loc":{"start":{"line":119,"column":2},"end":{"line":133,"column":3}},"line":119},"7":{"name":"analyzeStrategy","decl":{"start":{"line":138,"column":2},"end":{"line":173,"column":3}},"loc":{"start":{"line":138,"column":2},"end":{"line":173,"column":3}},"line":138},"8":{"name":"processSignal","decl":{"start":{"line":178,"column":2},"end":{"line":246,"column":3}},"loc":{"start":{"line":178,"column":2},"end":{"line":246,"column":3}},"line":178},"9":{"name":"updatePositions","decl":{"start":{"line":251,"column":2},"end":{"line":265,"column":3}},"loc":{"start":{"line":251,"column":2},"end":{"line":265,"column":3}},"line":251},"10":{"name":"updatePosition","decl":{"start":{"line":270,"column":2},"end":{"line":307,"column":3}},"loc":{"start":{"line":270,"column":2},"end":{"line":307,"column":3}},"line":270},"11":{"name":"shouldClosePosition","decl":{"start":{"line":312,"column":10},"end":{"line":347,"column":3}},"loc":{"start":{"line":312,"column":10},"end":{"line":347,"column":3}},"line":312},"12":{"name":"closePosition","decl":{"start":{"line":352,"column":2},"end":{"line":380,"column":3}},"loc":{"start":{"line":352,"column":2},"end":{"line":380,"column":3}},"line":352},"13":{"name":"notifyTrade","decl":{"start":{"line":385,"column":10},"end":{"line":398,"column":3}},"loc":{"start":{"line":385,"column":10},"end":{"line":398,"column":3}},"line":385},"14":{"name":"loadStrategies","decl":{"start":{"line":403,"column":2},"end":{"line":406,"column":3}},"loc":{"start":{"line":403,"column":2},"end":{"line":406,"column":3}},"line":403},"15":{"name":"getStats","decl":{"start":{"line":411,"column":2},"end":{"line":425,"column":3}},"loc":{"start":{"line":411,"column":2},"end":{"line":425,"column":3}},"line":411},"16":{"name":"getActivePositions","decl":{"start":{"line":430,"column":2},"end":{"line":432,"column":3}},"loc":{"start":{"line":430,"column":2},"end":{"line":432,"column":3}},"line":430},"17":{"name":"getStrategies","decl":{"start":{"line":437,"column":2},"end":{"line":439,"column":3}},"loc":{"start":{"line":437,"column":2},"end":{"line":439,"column":3}},"line":437}},"f":{"0":2,"1":0,"2":0,"3":0,"4":0,"5":0,"6":0,"7":0,"8":0,"9":0,"10":0,"11":2,"12":0,"13":0,"14":0,"15":1,"16":0,"17":0}}
}
